
 /----------------------------------------------------------------------------\
 |                                                                            |
 |  yosys -- Yosys Open SYnthesis Suite                                       |
 |                                                                            |
 |  Copyright (C) 2012 - 2020  Claire Xenia Wolf <claire@yosyshq.com>         |
 |                                                                            |
 |  Permission to use, copy, modify, and/or distribute this software for any  |
 |  purpose with or without fee is hereby granted, provided that the above    |
 |  copyright notice and this permission notice appear in all copies.         |
 |                                                                            |
 |  THE SOFTWARE IS PROVIDED "AS IS" AND THE AUTHOR DISCLAIMS ALL WARRANTIES  |
 |  WITH REGARD TO THIS SOFTWARE INCLUDING ALL IMPLIED WARRANTIES OF          |
 |  MERCHANTABILITY AND FITNESS. IN NO EVENT SHALL THE AUTHOR BE LIABLE FOR   |
 |  ANY SPECIAL, DIRECT, INDIRECT, OR CONSEQUENTIAL DAMAGES OR ANY DAMAGES    |
 |  WHATSOEVER RESULTING FROM LOSS OF USE, DATA OR PROFITS, WHETHER IN AN     |
 |  ACTION OF CONTRACT, NEGLIGENCE OR OTHER TORTIOUS ACTION, ARISING OUT OF   |
 |  OR IN CONNECTION WITH THE USE OR PERFORMANCE OF THIS SOFTWARE.            |
 |                                                                            |
 \----------------------------------------------------------------------------/

 Yosys 0.33+6 (git sha1 41b34a193, x86_64-conda-linux-gnu-cc 11.2.0 -fvisibility-inlines-hidden -fmessage-length=0 -march=nocona -mtune=haswell -ftree-vectorize -fPIC -fstack-protector-strong -fno-plt -O2 -ffunction-sections -fdebug-prefix-map=/root/conda-eda/conda-eda/workdir/conda-env/conda-bld/yosys_1694128612374/work=/usr/local/src/conda/yosys-0.33_7_g41b34a193 -fdebug-prefix-map=/home/brandon/miniconda3/envs/digital=/usr/local/src/conda-prefix -fPIC -Os -fno-merge-constants)


-- Parsing `top.v' using frontend ` -vlog2k' --

1. Executing Verilog-2005 frontend: top.v
Parsing Verilog input from `top.v' to AST representation.
Warning: Yosys has only limited support for tri-state logic at the moment. (./StartModule.v:11)
Storing AST representation for module `$abstract\freqDiv'.
Storing AST representation for module `$abstract\StartModule'.
Storing AST representation for module `$abstract\DataReciverModule'.
Storing AST representation for module `$abstract\top'.
Successfully finished Verilog frontend.

-- Running command `synth_ice40 -top top -json build/top.json' --

2. Executing SYNTH_ICE40 pass.

2.1. Executing Verilog-2005 frontend: /home/brandon/miniconda3/envs/digital/bin/../share/yosys/ice40/cells_sim.v
Parsing Verilog input from `/home/brandon/miniconda3/envs/digital/bin/../share/yosys/ice40/cells_sim.v' to AST representation.
Generating RTLIL representation for module `\SB_IO'.
Generating RTLIL representation for module `\SB_GB_IO'.
Generating RTLIL representation for module `\SB_GB'.
Generating RTLIL representation for module `\SB_LUT4'.
Generating RTLIL representation for module `\SB_CARRY'.
Generating RTLIL representation for module `\SB_DFF'.
Generating RTLIL representation for module `\SB_DFFE'.
Generating RTLIL representation for module `\SB_DFFSR'.
Generating RTLIL representation for module `\SB_DFFR'.
Generating RTLIL representation for module `\SB_DFFSS'.
Generating RTLIL representation for module `\SB_DFFS'.
Generating RTLIL representation for module `\SB_DFFESR'.
Generating RTLIL representation for module `\SB_DFFER'.
Generating RTLIL representation for module `\SB_DFFESS'.
Generating RTLIL representation for module `\SB_DFFES'.
Generating RTLIL representation for module `\SB_DFFN'.
Generating RTLIL representation for module `\SB_DFFNE'.
Generating RTLIL representation for module `\SB_DFFNSR'.
Generating RTLIL representation for module `\SB_DFFNR'.
Generating RTLIL representation for module `\SB_DFFNSS'.
Generating RTLIL representation for module `\SB_DFFNS'.
Generating RTLIL representation for module `\SB_DFFNESR'.
Generating RTLIL representation for module `\SB_DFFNER'.
Generating RTLIL representation for module `\SB_DFFNESS'.
Generating RTLIL representation for module `\SB_DFFNES'.
Generating RTLIL representation for module `\SB_RAM40_4K'.
Generating RTLIL representation for module `\SB_RAM40_4KNR'.
Generating RTLIL representation for module `\SB_RAM40_4KNW'.
Generating RTLIL representation for module `\SB_RAM40_4KNRNW'.
Generating RTLIL representation for module `\ICESTORM_LC'.
Generating RTLIL representation for module `\SB_PLL40_CORE'.
Generating RTLIL representation for module `\SB_PLL40_PAD'.
Generating RTLIL representation for module `\SB_PLL40_2_PAD'.
Generating RTLIL representation for module `\SB_PLL40_2F_CORE'.
Generating RTLIL representation for module `\SB_PLL40_2F_PAD'.
Generating RTLIL representation for module `\SB_WARMBOOT'.
Generating RTLIL representation for module `\SB_SPRAM256KA'.
Generating RTLIL representation for module `\SB_HFOSC'.
Generating RTLIL representation for module `\SB_LFOSC'.
Generating RTLIL representation for module `\SB_RGBA_DRV'.
Generating RTLIL representation for module `\SB_LED_DRV_CUR'.
Generating RTLIL representation for module `\SB_RGB_DRV'.
Generating RTLIL representation for module `\SB_I2C'.
Generating RTLIL representation for module `\SB_SPI'.
Generating RTLIL representation for module `\SB_LEDDA_IP'.
Generating RTLIL representation for module `\SB_FILTER_50NS'.
Generating RTLIL representation for module `\SB_IO_I3C'.
Generating RTLIL representation for module `\SB_IO_OD'.
Generating RTLIL representation for module `\SB_MAC16'.
Generating RTLIL representation for module `\ICESTORM_RAM'.
Successfully finished Verilog frontend.

2.2. Executing HIERARCHY pass (managing design hierarchy).

2.3. Executing AST frontend in derive mode using pre-parsed AST for module `\top'.
Generating RTLIL representation for module `\top'.
top.v:26: Warning: Replacing floating point parameter frequencyDivider.FREQ_IN = 25000000.000000 with string.
top.v:26: Warning: Replacing floating point parameter frequencyDivider.FREQ_OUT = 1000000.000000 with string.

2.3.1. Analyzing design hierarchy..
Top module:  \top

2.3.2. Executing AST frontend in derive mode using pre-parsed AST for module `\DataReciverModule'.
Generating RTLIL representation for module `\DataReciverModule'.

2.3.3. Executing AST frontend in derive mode using pre-parsed AST for module `\StartModule'.
Generating RTLIL representation for module `\StartModule'.
Warning: reg '\out_delay' is assigned in a continuous assignment at ./StartModule.v:11.8-11.48.
Warning: wire '\confirm_to_reciver' is assigned in a block at ./StartModule.v:30.9-30.35.
Warning: wire '\confirm_to_reciver' is assigned in a block at ./StartModule.v:37.17-37.43.
Warning: wire '\confirm_to_reciver' is assigned in a block at ./StartModule.v:49.17-49.43.
Warning: wire '\confirm_to_reciver' is assigned in a block at ./StartModule.v:61.17-61.43.
Warning: wire '\confirm_to_reciver' is assigned in a block at ./StartModule.v:73.17-73.43.
Warning: wire '\confirm_to_reciver' is assigned in a block at ./StartModule.v:85.17-85.43.
Parameter \FREQ_IN = 120'001100100011010100110000001100000011000000110000001100000011000000101110001100000011000000110000001100000011000000110000
Parameter \FREQ_OUT = 112'0011000100110000001100000011000000110000001100000011000000101110001100000011000000110000001100000011000000110000

2.3.4. Executing AST frontend in derive mode using pre-parsed AST for module `\freqDiv'.
Parameter \FREQ_IN = 120'001100100011010100110000001100000011000000110000001100000011000000101110001100000011000000110000001100000011000000110000
Parameter \FREQ_OUT = 112'0011000100110000001100000011000000110000001100000011000000101110001100000011000000110000001100000011000000110000
Generating RTLIL representation for module `$paramod$91ec1c5dbd44b87e4dc5467dd1e28f606bf2604e\freqDiv'.
./freqDiv.v:3: Warning: converting real value 2.500000e+07 to binary 25000000.
./freqDiv.v:4: Warning: converting real value 1.000000e+06 to binary 1000000.

2.3.5. Analyzing design hierarchy..
Top module:  \top
Used module:     \DataReciverModule
Used module:     \StartModule
Used module:     $paramod$91ec1c5dbd44b87e4dc5467dd1e28f606bf2604e\freqDiv

2.3.6. Analyzing design hierarchy..
Top module:  \top
Used module:     \DataReciverModule
Used module:     \StartModule
Used module:     $paramod$91ec1c5dbd44b87e4dc5467dd1e28f606bf2604e\freqDiv
Removing unused module `$abstract\top'.
Removing unused module `$abstract\DataReciverModule'.
Removing unused module `$abstract\StartModule'.
Removing unused module `$abstract\freqDiv'.
Removed 4 unused modules.

2.4. Executing PROC pass (convert processes to netlists).

2.4.1. Executing PROC_CLEAN pass (remove empty switches from decision trees).
Cleaned up 0 empty switches.

2.4.2. Executing PROC_RMDEAD pass (remove dead branches from decision trees).
Marked 1 switch rules as full_case in process $proc$/home/brandon/miniconda3/envs/digital/bin/../share/yosys/ice40/cells_sim.v:1414$241 in module SB_DFFNES.
Marked 1 switch rules as full_case in process $proc$/home/brandon/miniconda3/envs/digital/bin/../share/yosys/ice40/cells_sim.v:1353$234 in module SB_DFFNESS.
Marked 1 switch rules as full_case in process $proc$/home/brandon/miniconda3/envs/digital/bin/../share/yosys/ice40/cells_sim.v:1273$230 in module SB_DFFNER.
Marked 1 switch rules as full_case in process $proc$/home/brandon/miniconda3/envs/digital/bin/../share/yosys/ice40/cells_sim.v:1212$223 in module SB_DFFNESR.
Marked 1 switch rules as full_case in process $proc$/home/brandon/miniconda3/envs/digital/bin/../share/yosys/ice40/cells_sim.v:1138$220 in module SB_DFFNS.
Marked 1 switch rules as full_case in process $proc$/home/brandon/miniconda3/envs/digital/bin/../share/yosys/ice40/cells_sim.v:1088$217 in module SB_DFFNSS.
Marked 1 switch rules as full_case in process $proc$/home/brandon/miniconda3/envs/digital/bin/../share/yosys/ice40/cells_sim.v:1017$214 in module SB_DFFNR.
Marked 1 switch rules as full_case in process $proc$/home/brandon/miniconda3/envs/digital/bin/../share/yosys/ice40/cells_sim.v:967$211 in module SB_DFFNSR.
Marked 1 switch rules as full_case in process $proc$/home/brandon/miniconda3/envs/digital/bin/../share/yosys/ice40/cells_sim.v:803$203 in module SB_DFFES.
Marked 1 switch rules as full_case in process $proc$/home/brandon/miniconda3/envs/digital/bin/../share/yosys/ice40/cells_sim.v:742$196 in module SB_DFFESS.
Marked 1 switch rules as full_case in process $proc$/home/brandon/miniconda3/envs/digital/bin/../share/yosys/ice40/cells_sim.v:662$192 in module SB_DFFER.
Marked 1 switch rules as full_case in process $proc$/home/brandon/miniconda3/envs/digital/bin/../share/yosys/ice40/cells_sim.v:601$185 in module SB_DFFESR.
Marked 1 switch rules as full_case in process $proc$/home/brandon/miniconda3/envs/digital/bin/../share/yosys/ice40/cells_sim.v:527$182 in module SB_DFFS.
Marked 1 switch rules as full_case in process $proc$/home/brandon/miniconda3/envs/digital/bin/../share/yosys/ice40/cells_sim.v:477$179 in module SB_DFFSS.
Marked 1 switch rules as full_case in process $proc$/home/brandon/miniconda3/envs/digital/bin/../share/yosys/ice40/cells_sim.v:406$176 in module SB_DFFR.
Marked 1 switch rules as full_case in process $proc$/home/brandon/miniconda3/envs/digital/bin/../share/yosys/ice40/cells_sim.v:356$173 in module SB_DFFSR.
Marked 1 switch rules as full_case in process $proc$./freqDiv.v:20$392 in module $paramod$91ec1c5dbd44b87e4dc5467dd1e28f606bf2604e\freqDiv.
Marked 6 switch rules as full_case in process $proc$./StartModule.v:25$383 in module StartModule.
Removed a total of 0 dead cases.

2.4.3. Executing PROC_PRUNE pass (remove redundant assignments in processes).
Removed 13 redundant assignments.
Promoted 24 assignments to connections.

2.4.4. Executing PROC_INIT pass (extract init attributes).
Found init rule in `\SB_DFFNES.$proc$/home/brandon/miniconda3/envs/digital/bin/../share/yosys/ice40/cells_sim.v:0$244'.
  Set init value: \Q = 1'0
Found init rule in `\SB_DFFNESS.$proc$/home/brandon/miniconda3/envs/digital/bin/../share/yosys/ice40/cells_sim.v:0$240'.
  Set init value: \Q = 1'0
Found init rule in `\SB_DFFNER.$proc$/home/brandon/miniconda3/envs/digital/bin/../share/yosys/ice40/cells_sim.v:0$233'.
  Set init value: \Q = 1'0
Found init rule in `\SB_DFFNESR.$proc$/home/brandon/miniconda3/envs/digital/bin/../share/yosys/ice40/cells_sim.v:0$229'.
  Set init value: \Q = 1'0
Found init rule in `\SB_DFFNS.$proc$/home/brandon/miniconda3/envs/digital/bin/../share/yosys/ice40/cells_sim.v:0$222'.
  Set init value: \Q = 1'0
Found init rule in `\SB_DFFNSS.$proc$/home/brandon/miniconda3/envs/digital/bin/../share/yosys/ice40/cells_sim.v:0$219'.
  Set init value: \Q = 1'0
Found init rule in `\SB_DFFNR.$proc$/home/brandon/miniconda3/envs/digital/bin/../share/yosys/ice40/cells_sim.v:0$216'.
  Set init value: \Q = 1'0
Found init rule in `\SB_DFFNSR.$proc$/home/brandon/miniconda3/envs/digital/bin/../share/yosys/ice40/cells_sim.v:0$213'.
  Set init value: \Q = 1'0
Found init rule in `\SB_DFFNE.$proc$/home/brandon/miniconda3/envs/digital/bin/../share/yosys/ice40/cells_sim.v:0$210'.
  Set init value: \Q = 1'0
Found init rule in `\SB_DFFN.$proc$/home/brandon/miniconda3/envs/digital/bin/../share/yosys/ice40/cells_sim.v:0$208'.
  Set init value: \Q = 1'0
Found init rule in `\SB_DFFES.$proc$/home/brandon/miniconda3/envs/digital/bin/../share/yosys/ice40/cells_sim.v:0$206'.
  Set init value: \Q = 1'0
Found init rule in `\SB_DFFESS.$proc$/home/brandon/miniconda3/envs/digital/bin/../share/yosys/ice40/cells_sim.v:0$202'.
  Set init value: \Q = 1'0
Found init rule in `\SB_DFFER.$proc$/home/brandon/miniconda3/envs/digital/bin/../share/yosys/ice40/cells_sim.v:0$195'.
  Set init value: \Q = 1'0
Found init rule in `\SB_DFFESR.$proc$/home/brandon/miniconda3/envs/digital/bin/../share/yosys/ice40/cells_sim.v:0$191'.
  Set init value: \Q = 1'0
Found init rule in `\SB_DFFS.$proc$/home/brandon/miniconda3/envs/digital/bin/../share/yosys/ice40/cells_sim.v:0$184'.
  Set init value: \Q = 1'0
Found init rule in `\SB_DFFSS.$proc$/home/brandon/miniconda3/envs/digital/bin/../share/yosys/ice40/cells_sim.v:0$181'.
  Set init value: \Q = 1'0
Found init rule in `\SB_DFFR.$proc$/home/brandon/miniconda3/envs/digital/bin/../share/yosys/ice40/cells_sim.v:0$178'.
  Set init value: \Q = 1'0
Found init rule in `\SB_DFFSR.$proc$/home/brandon/miniconda3/envs/digital/bin/../share/yosys/ice40/cells_sim.v:0$175'.
  Set init value: \Q = 1'0
Found init rule in `\SB_DFFE.$proc$/home/brandon/miniconda3/envs/digital/bin/../share/yosys/ice40/cells_sim.v:0$172'.
  Set init value: \Q = 1'0
Found init rule in `\SB_DFF.$proc$/home/brandon/miniconda3/envs/digital/bin/../share/yosys/ice40/cells_sim.v:0$170'.
  Set init value: \Q = 1'0
Found init rule in `$paramod$91ec1c5dbd44b87e4dc5467dd1e28f606bf2604e\freqDiv.$proc$./freqDiv.v:17$397'.
  Set init value: \count = 4'0000
Found init rule in `$paramod$91ec1c5dbd44b87e4dc5467dd1e28f606bf2604e\freqDiv.$proc$./freqDiv.v:0$396'.
  Set init value: \CLK_OUT = 1'0

2.4.5. Executing PROC_ARST pass (detect async resets in processes).
Found async reset \S in `\SB_DFFNES.$proc$/home/brandon/miniconda3/envs/digital/bin/../share/yosys/ice40/cells_sim.v:1414$241'.
Found async reset \R in `\SB_DFFNER.$proc$/home/brandon/miniconda3/envs/digital/bin/../share/yosys/ice40/cells_sim.v:1273$230'.
Found async reset \S in `\SB_DFFNS.$proc$/home/brandon/miniconda3/envs/digital/bin/../share/yosys/ice40/cells_sim.v:1138$220'.
Found async reset \R in `\SB_DFFNR.$proc$/home/brandon/miniconda3/envs/digital/bin/../share/yosys/ice40/cells_sim.v:1017$214'.
Found async reset \S in `\SB_DFFES.$proc$/home/brandon/miniconda3/envs/digital/bin/../share/yosys/ice40/cells_sim.v:803$203'.
Found async reset \R in `\SB_DFFER.$proc$/home/brandon/miniconda3/envs/digital/bin/../share/yosys/ice40/cells_sim.v:662$192'.
Found async reset \S in `\SB_DFFS.$proc$/home/brandon/miniconda3/envs/digital/bin/../share/yosys/ice40/cells_sim.v:527$182'.
Found async reset \R in `\SB_DFFR.$proc$/home/brandon/miniconda3/envs/digital/bin/../share/yosys/ice40/cells_sim.v:406$176'.
Found async reset \rst in `\StartModule.$proc$./StartModule.v:25$383'.

2.4.6. Executing PROC_ROM pass (convert switches to ROMs).
Converted 0 switches.

2.4.7. Executing PROC_MUX pass (convert decision trees to multiplexers).
Creating decoders for process `\SB_DFFNES.$proc$/home/brandon/miniconda3/envs/digital/bin/../share/yosys/ice40/cells_sim.v:0$244'.
Creating decoders for process `\SB_DFFNES.$proc$/home/brandon/miniconda3/envs/digital/bin/../share/yosys/ice40/cells_sim.v:1414$241'.
     1/1: $0\Q[0:0]
Creating decoders for process `\SB_DFFNESS.$proc$/home/brandon/miniconda3/envs/digital/bin/../share/yosys/ice40/cells_sim.v:0$240'.
Creating decoders for process `\SB_DFFNESS.$proc$/home/brandon/miniconda3/envs/digital/bin/../share/yosys/ice40/cells_sim.v:1353$234'.
     1/1: $0\Q[0:0]
Creating decoders for process `\SB_DFFNER.$proc$/home/brandon/miniconda3/envs/digital/bin/../share/yosys/ice40/cells_sim.v:0$233'.
Creating decoders for process `\SB_DFFNER.$proc$/home/brandon/miniconda3/envs/digital/bin/../share/yosys/ice40/cells_sim.v:1273$230'.
     1/1: $0\Q[0:0]
Creating decoders for process `\SB_DFFNESR.$proc$/home/brandon/miniconda3/envs/digital/bin/../share/yosys/ice40/cells_sim.v:0$229'.
Creating decoders for process `\SB_DFFNESR.$proc$/home/brandon/miniconda3/envs/digital/bin/../share/yosys/ice40/cells_sim.v:1212$223'.
     1/1: $0\Q[0:0]
Creating decoders for process `\SB_DFFNS.$proc$/home/brandon/miniconda3/envs/digital/bin/../share/yosys/ice40/cells_sim.v:0$222'.
Creating decoders for process `\SB_DFFNS.$proc$/home/brandon/miniconda3/envs/digital/bin/../share/yosys/ice40/cells_sim.v:1138$220'.
     1/1: $0\Q[0:0]
Creating decoders for process `\SB_DFFNSS.$proc$/home/brandon/miniconda3/envs/digital/bin/../share/yosys/ice40/cells_sim.v:0$219'.
Creating decoders for process `\SB_DFFNSS.$proc$/home/brandon/miniconda3/envs/digital/bin/../share/yosys/ice40/cells_sim.v:1088$217'.
     1/1: $0\Q[0:0]
Creating decoders for process `\SB_DFFNR.$proc$/home/brandon/miniconda3/envs/digital/bin/../share/yosys/ice40/cells_sim.v:0$216'.
Creating decoders for process `\SB_DFFNR.$proc$/home/brandon/miniconda3/envs/digital/bin/../share/yosys/ice40/cells_sim.v:1017$214'.
     1/1: $0\Q[0:0]
Creating decoders for process `\SB_DFFNSR.$proc$/home/brandon/miniconda3/envs/digital/bin/../share/yosys/ice40/cells_sim.v:0$213'.
Creating decoders for process `\SB_DFFNSR.$proc$/home/brandon/miniconda3/envs/digital/bin/../share/yosys/ice40/cells_sim.v:967$211'.
     1/1: $0\Q[0:0]
Creating decoders for process `\SB_DFFNE.$proc$/home/brandon/miniconda3/envs/digital/bin/../share/yosys/ice40/cells_sim.v:0$210'.
Creating decoders for process `\SB_DFFNE.$proc$/home/brandon/miniconda3/envs/digital/bin/../share/yosys/ice40/cells_sim.v:922$209'.
     1/1: $0\Q[0:0]
Creating decoders for process `\SB_DFFN.$proc$/home/brandon/miniconda3/envs/digital/bin/../share/yosys/ice40/cells_sim.v:0$208'.
Creating decoders for process `\SB_DFFN.$proc$/home/brandon/miniconda3/envs/digital/bin/../share/yosys/ice40/cells_sim.v:882$207'.
Creating decoders for process `\SB_DFFES.$proc$/home/brandon/miniconda3/envs/digital/bin/../share/yosys/ice40/cells_sim.v:0$206'.
Creating decoders for process `\SB_DFFES.$proc$/home/brandon/miniconda3/envs/digital/bin/../share/yosys/ice40/cells_sim.v:803$203'.
     1/1: $0\Q[0:0]
Creating decoders for process `\SB_DFFESS.$proc$/home/brandon/miniconda3/envs/digital/bin/../share/yosys/ice40/cells_sim.v:0$202'.
Creating decoders for process `\SB_DFFESS.$proc$/home/brandon/miniconda3/envs/digital/bin/../share/yosys/ice40/cells_sim.v:742$196'.
     1/1: $0\Q[0:0]
Creating decoders for process `\SB_DFFER.$proc$/home/brandon/miniconda3/envs/digital/bin/../share/yosys/ice40/cells_sim.v:0$195'.
Creating decoders for process `\SB_DFFER.$proc$/home/brandon/miniconda3/envs/digital/bin/../share/yosys/ice40/cells_sim.v:662$192'.
     1/1: $0\Q[0:0]
Creating decoders for process `\SB_DFFESR.$proc$/home/brandon/miniconda3/envs/digital/bin/../share/yosys/ice40/cells_sim.v:0$191'.
Creating decoders for process `\SB_DFFESR.$proc$/home/brandon/miniconda3/envs/digital/bin/../share/yosys/ice40/cells_sim.v:601$185'.
     1/1: $0\Q[0:0]
Creating decoders for process `\SB_DFFS.$proc$/home/brandon/miniconda3/envs/digital/bin/../share/yosys/ice40/cells_sim.v:0$184'.
Creating decoders for process `\SB_DFFS.$proc$/home/brandon/miniconda3/envs/digital/bin/../share/yosys/ice40/cells_sim.v:527$182'.
     1/1: $0\Q[0:0]
Creating decoders for process `\SB_DFFSS.$proc$/home/brandon/miniconda3/envs/digital/bin/../share/yosys/ice40/cells_sim.v:0$181'.
Creating decoders for process `\SB_DFFSS.$proc$/home/brandon/miniconda3/envs/digital/bin/../share/yosys/ice40/cells_sim.v:477$179'.
     1/1: $0\Q[0:0]
Creating decoders for process `\SB_DFFR.$proc$/home/brandon/miniconda3/envs/digital/bin/../share/yosys/ice40/cells_sim.v:0$178'.
Creating decoders for process `\SB_DFFR.$proc$/home/brandon/miniconda3/envs/digital/bin/../share/yosys/ice40/cells_sim.v:406$176'.
     1/1: $0\Q[0:0]
Creating decoders for process `\SB_DFFSR.$proc$/home/brandon/miniconda3/envs/digital/bin/../share/yosys/ice40/cells_sim.v:0$175'.
Creating decoders for process `\SB_DFFSR.$proc$/home/brandon/miniconda3/envs/digital/bin/../share/yosys/ice40/cells_sim.v:356$173'.
     1/1: $0\Q[0:0]
Creating decoders for process `\SB_DFFE.$proc$/home/brandon/miniconda3/envs/digital/bin/../share/yosys/ice40/cells_sim.v:0$172'.
Creating decoders for process `\SB_DFFE.$proc$/home/brandon/miniconda3/envs/digital/bin/../share/yosys/ice40/cells_sim.v:311$171'.
     1/1: $0\Q[0:0]
Creating decoders for process `\SB_DFF.$proc$/home/brandon/miniconda3/envs/digital/bin/../share/yosys/ice40/cells_sim.v:0$170'.
Creating decoders for process `\SB_DFF.$proc$/home/brandon/miniconda3/envs/digital/bin/../share/yosys/ice40/cells_sim.v:271$169'.
Creating decoders for process `$paramod$91ec1c5dbd44b87e4dc5467dd1e28f606bf2604e\freqDiv.$proc$./freqDiv.v:17$397'.
Creating decoders for process `$paramod$91ec1c5dbd44b87e4dc5467dd1e28f606bf2604e\freqDiv.$proc$./freqDiv.v:0$396'.
Creating decoders for process `$paramod$91ec1c5dbd44b87e4dc5467dd1e28f606bf2604e\freqDiv.$proc$./freqDiv.v:20$392'.
     1/2: $0\count[3:0]
     2/2: $0\CLK_OUT[0:0]
Creating decoders for process `\StartModule.$proc$./StartModule.v:25$383'.
     1/5: $0\counter[18:0]
     2/5: $0\confirm_to_reciver[0:0]
     3/5: $0\data_aux[0:0]
     4/5: $0\selector[1:0]
     5/5: $0\states[3:0]

2.4.8. Executing PROC_DLATCH pass (convert process syncs to latches).

2.4.9. Executing PROC_DFF pass (convert process syncs to FFs).
Creating register for signal `\SB_DFFNES.\Q' using process `\SB_DFFNES.$proc$/home/brandon/miniconda3/envs/digital/bin/../share/yosys/ice40/cells_sim.v:1414$241'.
  created $adff cell `$procdff$493' with negative edge clock and positive level reset.
Creating register for signal `\SB_DFFNESS.\Q' using process `\SB_DFFNESS.$proc$/home/brandon/miniconda3/envs/digital/bin/../share/yosys/ice40/cells_sim.v:1353$234'.
  created $dff cell `$procdff$494' with negative edge clock.
Creating register for signal `\SB_DFFNER.\Q' using process `\SB_DFFNER.$proc$/home/brandon/miniconda3/envs/digital/bin/../share/yosys/ice40/cells_sim.v:1273$230'.
  created $adff cell `$procdff$495' with negative edge clock and positive level reset.
Creating register for signal `\SB_DFFNESR.\Q' using process `\SB_DFFNESR.$proc$/home/brandon/miniconda3/envs/digital/bin/../share/yosys/ice40/cells_sim.v:1212$223'.
  created $dff cell `$procdff$496' with negative edge clock.
Creating register for signal `\SB_DFFNS.\Q' using process `\SB_DFFNS.$proc$/home/brandon/miniconda3/envs/digital/bin/../share/yosys/ice40/cells_sim.v:1138$220'.
  created $adff cell `$procdff$497' with negative edge clock and positive level reset.
Creating register for signal `\SB_DFFNSS.\Q' using process `\SB_DFFNSS.$proc$/home/brandon/miniconda3/envs/digital/bin/../share/yosys/ice40/cells_sim.v:1088$217'.
  created $dff cell `$procdff$498' with negative edge clock.
Creating register for signal `\SB_DFFNR.\Q' using process `\SB_DFFNR.$proc$/home/brandon/miniconda3/envs/digital/bin/../share/yosys/ice40/cells_sim.v:1017$214'.
  created $adff cell `$procdff$499' with negative edge clock and positive level reset.
Creating register for signal `\SB_DFFNSR.\Q' using process `\SB_DFFNSR.$proc$/home/brandon/miniconda3/envs/digital/bin/../share/yosys/ice40/cells_sim.v:967$211'.
  created $dff cell `$procdff$500' with negative edge clock.
Creating register for signal `\SB_DFFNE.\Q' using process `\SB_DFFNE.$proc$/home/brandon/miniconda3/envs/digital/bin/../share/yosys/ice40/cells_sim.v:922$209'.
  created $dff cell `$procdff$501' with negative edge clock.
Creating register for signal `\SB_DFFN.\Q' using process `\SB_DFFN.$proc$/home/brandon/miniconda3/envs/digital/bin/../share/yosys/ice40/cells_sim.v:882$207'.
  created $dff cell `$procdff$502' with negative edge clock.
Creating register for signal `\SB_DFFES.\Q' using process `\SB_DFFES.$proc$/home/brandon/miniconda3/envs/digital/bin/../share/yosys/ice40/cells_sim.v:803$203'.
  created $adff cell `$procdff$503' with positive edge clock and positive level reset.
Creating register for signal `\SB_DFFESS.\Q' using process `\SB_DFFESS.$proc$/home/brandon/miniconda3/envs/digital/bin/../share/yosys/ice40/cells_sim.v:742$196'.
  created $dff cell `$procdff$504' with positive edge clock.
Creating register for signal `\SB_DFFER.\Q' using process `\SB_DFFER.$proc$/home/brandon/miniconda3/envs/digital/bin/../share/yosys/ice40/cells_sim.v:662$192'.
  created $adff cell `$procdff$505' with positive edge clock and positive level reset.
Creating register for signal `\SB_DFFESR.\Q' using process `\SB_DFFESR.$proc$/home/brandon/miniconda3/envs/digital/bin/../share/yosys/ice40/cells_sim.v:601$185'.
  created $dff cell `$procdff$506' with positive edge clock.
Creating register for signal `\SB_DFFS.\Q' using process `\SB_DFFS.$proc$/home/brandon/miniconda3/envs/digital/bin/../share/yosys/ice40/cells_sim.v:527$182'.
  created $adff cell `$procdff$507' with positive edge clock and positive level reset.
Creating register for signal `\SB_DFFSS.\Q' using process `\SB_DFFSS.$proc$/home/brandon/miniconda3/envs/digital/bin/../share/yosys/ice40/cells_sim.v:477$179'.
  created $dff cell `$procdff$508' with positive edge clock.
Creating register for signal `\SB_DFFR.\Q' using process `\SB_DFFR.$proc$/home/brandon/miniconda3/envs/digital/bin/../share/yosys/ice40/cells_sim.v:406$176'.
  created $adff cell `$procdff$509' with positive edge clock and positive level reset.
Creating register for signal `\SB_DFFSR.\Q' using process `\SB_DFFSR.$proc$/home/brandon/miniconda3/envs/digital/bin/../share/yosys/ice40/cells_sim.v:356$173'.
  created $dff cell `$procdff$510' with positive edge clock.
Creating register for signal `\SB_DFFE.\Q' using process `\SB_DFFE.$proc$/home/brandon/miniconda3/envs/digital/bin/../share/yosys/ice40/cells_sim.v:311$171'.
  created $dff cell `$procdff$511' with positive edge clock.
Creating register for signal `\SB_DFF.\Q' using process `\SB_DFF.$proc$/home/brandon/miniconda3/envs/digital/bin/../share/yosys/ice40/cells_sim.v:271$169'.
  created $dff cell `$procdff$512' with positive edge clock.
Creating register for signal `$paramod$91ec1c5dbd44b87e4dc5467dd1e28f606bf2604e\freqDiv.\CLK_OUT' using process `$paramod$91ec1c5dbd44b87e4dc5467dd1e28f606bf2604e\freqDiv.$proc$./freqDiv.v:20$392'.
  created $dff cell `$procdff$513' with positive edge clock.
Creating register for signal `$paramod$91ec1c5dbd44b87e4dc5467dd1e28f606bf2604e\freqDiv.\count' using process `$paramod$91ec1c5dbd44b87e4dc5467dd1e28f606bf2604e\freqDiv.$proc$./freqDiv.v:20$392'.
  created $dff cell `$procdff$514' with positive edge clock.
Creating register for signal `\StartModule.\confirm_to_reciver' using process `\StartModule.$proc$./StartModule.v:25$383'.
  created $adff cell `$procdff$515' with positive edge clock and positive level reset.
Creating register for signal `\StartModule.\data_aux' using process `\StartModule.$proc$./StartModule.v:25$383'.
  created $adff cell `$procdff$516' with positive edge clock and positive level reset.
Creating register for signal `\StartModule.\selector' using process `\StartModule.$proc$./StartModule.v:25$383'.
  created $adff cell `$procdff$517' with positive edge clock and positive level reset.
Creating register for signal `\StartModule.\counter' using process `\StartModule.$proc$./StartModule.v:25$383'.
  created $adff cell `$procdff$518' with positive edge clock and positive level reset.
Creating register for signal `\StartModule.\states' using process `\StartModule.$proc$./StartModule.v:25$383'.
  created $adff cell `$procdff$519' with positive edge clock and positive level reset.

2.4.10. Executing PROC_MEMWR pass (convert process memory writes to cells).

2.4.11. Executing PROC_CLEAN pass (remove empty switches from decision trees).
Removing empty process `SB_DFFNES.$proc$/home/brandon/miniconda3/envs/digital/bin/../share/yosys/ice40/cells_sim.v:0$244'.
Found and cleaned up 1 empty switch in `\SB_DFFNES.$proc$/home/brandon/miniconda3/envs/digital/bin/../share/yosys/ice40/cells_sim.v:1414$241'.
Removing empty process `SB_DFFNES.$proc$/home/brandon/miniconda3/envs/digital/bin/../share/yosys/ice40/cells_sim.v:1414$241'.
Removing empty process `SB_DFFNESS.$proc$/home/brandon/miniconda3/envs/digital/bin/../share/yosys/ice40/cells_sim.v:0$240'.
Found and cleaned up 2 empty switches in `\SB_DFFNESS.$proc$/home/brandon/miniconda3/envs/digital/bin/../share/yosys/ice40/cells_sim.v:1353$234'.
Removing empty process `SB_DFFNESS.$proc$/home/brandon/miniconda3/envs/digital/bin/../share/yosys/ice40/cells_sim.v:1353$234'.
Removing empty process `SB_DFFNER.$proc$/home/brandon/miniconda3/envs/digital/bin/../share/yosys/ice40/cells_sim.v:0$233'.
Found and cleaned up 1 empty switch in `\SB_DFFNER.$proc$/home/brandon/miniconda3/envs/digital/bin/../share/yosys/ice40/cells_sim.v:1273$230'.
Removing empty process `SB_DFFNER.$proc$/home/brandon/miniconda3/envs/digital/bin/../share/yosys/ice40/cells_sim.v:1273$230'.
Removing empty process `SB_DFFNESR.$proc$/home/brandon/miniconda3/envs/digital/bin/../share/yosys/ice40/cells_sim.v:0$229'.
Found and cleaned up 2 empty switches in `\SB_DFFNESR.$proc$/home/brandon/miniconda3/envs/digital/bin/../share/yosys/ice40/cells_sim.v:1212$223'.
Removing empty process `SB_DFFNESR.$proc$/home/brandon/miniconda3/envs/digital/bin/../share/yosys/ice40/cells_sim.v:1212$223'.
Removing empty process `SB_DFFNS.$proc$/home/brandon/miniconda3/envs/digital/bin/../share/yosys/ice40/cells_sim.v:0$222'.
Removing empty process `SB_DFFNS.$proc$/home/brandon/miniconda3/envs/digital/bin/../share/yosys/ice40/cells_sim.v:1138$220'.
Removing empty process `SB_DFFNSS.$proc$/home/brandon/miniconda3/envs/digital/bin/../share/yosys/ice40/cells_sim.v:0$219'.
Found and cleaned up 1 empty switch in `\SB_DFFNSS.$proc$/home/brandon/miniconda3/envs/digital/bin/../share/yosys/ice40/cells_sim.v:1088$217'.
Removing empty process `SB_DFFNSS.$proc$/home/brandon/miniconda3/envs/digital/bin/../share/yosys/ice40/cells_sim.v:1088$217'.
Removing empty process `SB_DFFNR.$proc$/home/brandon/miniconda3/envs/digital/bin/../share/yosys/ice40/cells_sim.v:0$216'.
Removing empty process `SB_DFFNR.$proc$/home/brandon/miniconda3/envs/digital/bin/../share/yosys/ice40/cells_sim.v:1017$214'.
Removing empty process `SB_DFFNSR.$proc$/home/brandon/miniconda3/envs/digital/bin/../share/yosys/ice40/cells_sim.v:0$213'.
Found and cleaned up 1 empty switch in `\SB_DFFNSR.$proc$/home/brandon/miniconda3/envs/digital/bin/../share/yosys/ice40/cells_sim.v:967$211'.
Removing empty process `SB_DFFNSR.$proc$/home/brandon/miniconda3/envs/digital/bin/../share/yosys/ice40/cells_sim.v:967$211'.
Removing empty process `SB_DFFNE.$proc$/home/brandon/miniconda3/envs/digital/bin/../share/yosys/ice40/cells_sim.v:0$210'.
Found and cleaned up 1 empty switch in `\SB_DFFNE.$proc$/home/brandon/miniconda3/envs/digital/bin/../share/yosys/ice40/cells_sim.v:922$209'.
Removing empty process `SB_DFFNE.$proc$/home/brandon/miniconda3/envs/digital/bin/../share/yosys/ice40/cells_sim.v:922$209'.
Removing empty process `SB_DFFN.$proc$/home/brandon/miniconda3/envs/digital/bin/../share/yosys/ice40/cells_sim.v:0$208'.
Removing empty process `SB_DFFN.$proc$/home/brandon/miniconda3/envs/digital/bin/../share/yosys/ice40/cells_sim.v:882$207'.
Removing empty process `SB_DFFES.$proc$/home/brandon/miniconda3/envs/digital/bin/../share/yosys/ice40/cells_sim.v:0$206'.
Found and cleaned up 1 empty switch in `\SB_DFFES.$proc$/home/brandon/miniconda3/envs/digital/bin/../share/yosys/ice40/cells_sim.v:803$203'.
Removing empty process `SB_DFFES.$proc$/home/brandon/miniconda3/envs/digital/bin/../share/yosys/ice40/cells_sim.v:803$203'.
Removing empty process `SB_DFFESS.$proc$/home/brandon/miniconda3/envs/digital/bin/../share/yosys/ice40/cells_sim.v:0$202'.
Found and cleaned up 2 empty switches in `\SB_DFFESS.$proc$/home/brandon/miniconda3/envs/digital/bin/../share/yosys/ice40/cells_sim.v:742$196'.
Removing empty process `SB_DFFESS.$proc$/home/brandon/miniconda3/envs/digital/bin/../share/yosys/ice40/cells_sim.v:742$196'.
Removing empty process `SB_DFFER.$proc$/home/brandon/miniconda3/envs/digital/bin/../share/yosys/ice40/cells_sim.v:0$195'.
Found and cleaned up 1 empty switch in `\SB_DFFER.$proc$/home/brandon/miniconda3/envs/digital/bin/../share/yosys/ice40/cells_sim.v:662$192'.
Removing empty process `SB_DFFER.$proc$/home/brandon/miniconda3/envs/digital/bin/../share/yosys/ice40/cells_sim.v:662$192'.
Removing empty process `SB_DFFESR.$proc$/home/brandon/miniconda3/envs/digital/bin/../share/yosys/ice40/cells_sim.v:0$191'.
Found and cleaned up 2 empty switches in `\SB_DFFESR.$proc$/home/brandon/miniconda3/envs/digital/bin/../share/yosys/ice40/cells_sim.v:601$185'.
Removing empty process `SB_DFFESR.$proc$/home/brandon/miniconda3/envs/digital/bin/../share/yosys/ice40/cells_sim.v:601$185'.
Removing empty process `SB_DFFS.$proc$/home/brandon/miniconda3/envs/digital/bin/../share/yosys/ice40/cells_sim.v:0$184'.
Removing empty process `SB_DFFS.$proc$/home/brandon/miniconda3/envs/digital/bin/../share/yosys/ice40/cells_sim.v:527$182'.
Removing empty process `SB_DFFSS.$proc$/home/brandon/miniconda3/envs/digital/bin/../share/yosys/ice40/cells_sim.v:0$181'.
Found and cleaned up 1 empty switch in `\SB_DFFSS.$proc$/home/brandon/miniconda3/envs/digital/bin/../share/yosys/ice40/cells_sim.v:477$179'.
Removing empty process `SB_DFFSS.$proc$/home/brandon/miniconda3/envs/digital/bin/../share/yosys/ice40/cells_sim.v:477$179'.
Removing empty process `SB_DFFR.$proc$/home/brandon/miniconda3/envs/digital/bin/../share/yosys/ice40/cells_sim.v:0$178'.
Removing empty process `SB_DFFR.$proc$/home/brandon/miniconda3/envs/digital/bin/../share/yosys/ice40/cells_sim.v:406$176'.
Removing empty process `SB_DFFSR.$proc$/home/brandon/miniconda3/envs/digital/bin/../share/yosys/ice40/cells_sim.v:0$175'.
Found and cleaned up 1 empty switch in `\SB_DFFSR.$proc$/home/brandon/miniconda3/envs/digital/bin/../share/yosys/ice40/cells_sim.v:356$173'.
Removing empty process `SB_DFFSR.$proc$/home/brandon/miniconda3/envs/digital/bin/../share/yosys/ice40/cells_sim.v:356$173'.
Removing empty process `SB_DFFE.$proc$/home/brandon/miniconda3/envs/digital/bin/../share/yosys/ice40/cells_sim.v:0$172'.
Found and cleaned up 1 empty switch in `\SB_DFFE.$proc$/home/brandon/miniconda3/envs/digital/bin/../share/yosys/ice40/cells_sim.v:311$171'.
Removing empty process `SB_DFFE.$proc$/home/brandon/miniconda3/envs/digital/bin/../share/yosys/ice40/cells_sim.v:311$171'.
Removing empty process `SB_DFF.$proc$/home/brandon/miniconda3/envs/digital/bin/../share/yosys/ice40/cells_sim.v:0$170'.
Removing empty process `SB_DFF.$proc$/home/brandon/miniconda3/envs/digital/bin/../share/yosys/ice40/cells_sim.v:271$169'.
Removing empty process `$paramod$91ec1c5dbd44b87e4dc5467dd1e28f606bf2604e\freqDiv.$proc$./freqDiv.v:17$397'.
Removing empty process `$paramod$91ec1c5dbd44b87e4dc5467dd1e28f606bf2604e\freqDiv.$proc$./freqDiv.v:0$396'.
Found and cleaned up 1 empty switch in `$paramod$91ec1c5dbd44b87e4dc5467dd1e28f606bf2604e\freqDiv.$proc$./freqDiv.v:20$392'.
Removing empty process `$paramod$91ec1c5dbd44b87e4dc5467dd1e28f606bf2604e\freqDiv.$proc$./freqDiv.v:20$392'.
Found and cleaned up 5 empty switches in `\StartModule.$proc$./StartModule.v:25$383'.
Removing empty process `StartModule.$proc$./StartModule.v:25$383'.
Cleaned up 24 empty switches.

2.4.12. Executing OPT_EXPR pass (perform const folding).
Optimizing module $paramod$91ec1c5dbd44b87e4dc5467dd1e28f606bf2604e\freqDiv.
Optimizing module StartModule.
Optimizing module DataReciverModule.
Optimizing module top.

2.5. Executing FLATTEN pass (flatten design).
Deleting now unused module $paramod$91ec1c5dbd44b87e4dc5467dd1e28f606bf2604e\freqDiv.
Deleting now unused module StartModule.
Deleting now unused module DataReciverModule.

2.6. Executing TRIBUF pass.

2.7. Executing DEMINOUT pass (demote inout ports to input or output).

2.8. Executing OPT_EXPR pass (perform const folding).
Optimizing module top.

2.9. Executing OPT_CLEAN pass (remove unused cells and wires).
Finding unused cells or wires in module \top..
Removed 3 unused cells and 30 unused wires.

2.10. Executing CHECK pass (checking for obvious problems).
Checking module top...
Found and reported 0 problems.

2.11. Executing OPT pass (performing simple optimizations).

2.11.1. Executing OPT_EXPR pass (perform const folding).
Optimizing module top.

2.11.2. Executing OPT_MERGE pass (detect identical cells).
Finding identical cells in module `\top'.
Removed a total of 13 cells.

2.11.3. Executing OPT_MUXTREE pass (detect dead branches in mux trees).
Running muxtree optimizer on module \top..
  Creating internal representation of mux trees.
  Evaluating internal representation of mux trees.
  Analyzing evaluation results.
Removed 0 multiplexer ports.

2.11.4. Executing OPT_REDUCE pass (consolidate $*mux and $reduce_* inputs).
  Optimizing cells in module \top.
    New ctrl vector for $pmux cell $flatten\startModule.$procmux$470: $auto$opt_reduce.cc:134:opt_pmux$521
    New ctrl vector for $pmux cell $flatten\startModule.$procmux$475: $auto$opt_reduce.cc:134:opt_pmux$523
  Optimizing cells in module \top.
Performed a total of 2 changes.

2.11.5. Executing OPT_MERGE pass (detect identical cells).
Finding identical cells in module `\top'.
Removed a total of 1 cells.

2.11.6. Executing OPT_DFF pass (perform DFF optimizations).
Removing never-active ARST on $flatten\startModule.$procdff$519 ($adff) from module top.
Removing never-active ARST on $flatten\startModule.$procdff$518 ($adff) from module top.
Removing never-active ARST on $flatten\startModule.$procdff$517 ($adff) from module top.
Removing never-active ARST on $flatten\startModule.$procdff$516 ($adff) from module top.

2.11.7. Executing OPT_CLEAN pass (remove unused cells and wires).
Finding unused cells or wires in module \top..
Removed 0 unused cells and 14 unused wires.

2.11.8. Executing OPT_EXPR pass (perform const folding).
Optimizing module top.

2.11.9. Rerunning OPT passes. (Maybe there is more to do..)

2.11.10. Executing OPT_MUXTREE pass (detect dead branches in mux trees).
Running muxtree optimizer on module \top..
  Creating internal representation of mux trees.
  Evaluating internal representation of mux trees.
  Analyzing evaluation results.
Removed 0 multiplexer ports.

2.11.11. Executing OPT_REDUCE pass (consolidate $*mux and $reduce_* inputs).
  Optimizing cells in module \top.
    New ctrl vector for $pmux cell $flatten\startModule.$procmux$452: { $flatten\startModule.$procmux$465_CMP $flatten\startModule.$procmux$461_CMP $auto$opt_reduce.cc:134:opt_pmux$525 }
  Optimizing cells in module \top.
Performed a total of 1 changes.

2.11.12. Executing OPT_MERGE pass (detect identical cells).
Finding identical cells in module `\top'.
Removed a total of 1 cells.

2.11.13. Executing OPT_DFF pass (perform DFF optimizations).

2.11.14. Executing OPT_CLEAN pass (remove unused cells and wires).
Finding unused cells or wires in module \top..
Removed 0 unused cells and 1 unused wires.

2.11.15. Executing OPT_EXPR pass (perform const folding).
Optimizing module top.

2.11.16. Rerunning OPT passes. (Maybe there is more to do..)

2.11.17. Executing OPT_MUXTREE pass (detect dead branches in mux trees).
Running muxtree optimizer on module \top..
  Creating internal representation of mux trees.
  Evaluating internal representation of mux trees.
  Analyzing evaluation results.
Removed 0 multiplexer ports.

2.11.18. Executing OPT_REDUCE pass (consolidate $*mux and $reduce_* inputs).
  Optimizing cells in module \top.
Performed a total of 0 changes.

2.11.19. Executing OPT_MERGE pass (detect identical cells).
Finding identical cells in module `\top'.
Removed a total of 0 cells.

2.11.20. Executing OPT_DFF pass (perform DFF optimizations).

2.11.21. Executing OPT_CLEAN pass (remove unused cells and wires).
Finding unused cells or wires in module \top..

2.11.22. Executing OPT_EXPR pass (perform const folding).
Optimizing module top.

2.11.23. Finished OPT passes. (There is nothing left to do.)

2.12. Executing FSM pass (extract and optimize FSM).

2.12.1. Executing FSM_DETECT pass (finding FSMs in design).
Not marking top.startModule.selector as FSM state register:
    Users of register don't seem to benefit from recoding.
Not marking top.startModule.states as FSM state register:
    Circuit seems to be self-resetting.

2.12.2. Executing FSM_EXTRACT pass (extracting FSM from design).

2.12.3. Executing FSM_OPT pass (simple optimizations of FSMs).

2.12.4. Executing OPT_CLEAN pass (remove unused cells and wires).
Finding unused cells or wires in module \top..

2.12.5. Executing FSM_OPT pass (simple optimizations of FSMs).

2.12.6. Executing FSM_RECODE pass (re-assigning FSM state encoding).

2.12.7. Executing FSM_INFO pass (dumping all available information on FSM cells).

2.12.8. Executing FSM_MAP pass (mapping FSMs to basic logic).

2.13. Executing OPT pass (performing simple optimizations).

2.13.1. Executing OPT_EXPR pass (perform const folding).
Optimizing module top.

2.13.2. Executing OPT_MERGE pass (detect identical cells).
Finding identical cells in module `\top'.
Removed a total of 0 cells.

2.13.3. Executing OPT_MUXTREE pass (detect dead branches in mux trees).
Running muxtree optimizer on module \top..
  Creating internal representation of mux trees.
  Evaluating internal representation of mux trees.
  Analyzing evaluation results.
Removed 0 multiplexer ports.

2.13.4. Executing OPT_REDUCE pass (consolidate $*mux and $reduce_* inputs).
  Optimizing cells in module \top.
Performed a total of 0 changes.

2.13.5. Executing OPT_MERGE pass (detect identical cells).
Finding identical cells in module `\top'.
Removed a total of 0 cells.

2.13.6. Executing OPT_DFF pass (perform DFF optimizations).
Adding EN signal on $flatten\startModule.$procdff$519 ($dff) from module top (D = $flatten\startModule.$0\states[3:0], Q = \startModule.states).
Adding SRST signal on $flatten\frequencyDivider.$procdff$514 ($dff) from module top (D = $flatten\frequencyDivider.$add$./freqDiv.v:25$395_Y [3:0], Q = \frequencyDivider.count, rval = 4'0000).
Adding EN signal on $flatten\frequencyDivider.$procdff$513 ($dff) from module top (D = $flatten\frequencyDivider.$not$./freqDiv.v:23$394_Y, Q = \frequencyDivider.CLK_OUT).

2.13.7. Executing OPT_CLEAN pass (remove unused cells and wires).
Finding unused cells or wires in module \top..
Removed 2 unused cells and 2 unused wires.

2.13.8. Executing OPT_EXPR pass (perform const folding).
Optimizing module top.

2.13.9. Rerunning OPT passes. (Maybe there is more to do..)

2.13.10. Executing OPT_MUXTREE pass (detect dead branches in mux trees).
Running muxtree optimizer on module \top..
  Creating internal representation of mux trees.
  Evaluating internal representation of mux trees.
  Analyzing evaluation results.
Removed 0 multiplexer ports.

2.13.11. Executing OPT_REDUCE pass (consolidate $*mux and $reduce_* inputs).
  Optimizing cells in module \top.
Performed a total of 0 changes.

2.13.12. Executing OPT_MERGE pass (detect identical cells).
Finding identical cells in module `\top'.
Removed a total of 0 cells.

2.13.13. Executing OPT_DFF pass (perform DFF optimizations).

2.13.14. Executing OPT_CLEAN pass (remove unused cells and wires).
Finding unused cells or wires in module \top..

2.13.15. Executing OPT_EXPR pass (perform const folding).
Optimizing module top.

2.13.16. Finished OPT passes. (There is nothing left to do.)

2.14. Executing WREDUCE pass (reducing word size of cells).
Removed top 31 bits (of 32) from port B of cell top.$flatten\frequencyDivider.$add$./freqDiv.v:25$395 ($add).
Removed top 28 bits (of 32) from port Y of cell top.$flatten\frequencyDivider.$add$./freqDiv.v:25$395 ($add).
Removed top 1 bits (of 2) from port B of cell top.$auto$opt_dff.cc:195:make_patterns_logic$532 ($ne).
Removed top 1 bits (of 2) from port B of cell top.$auto$opt_dff.cc:195:make_patterns_logic$530 ($ne).
Removed top 1 bits (of 2) from port B of cell top.$auto$opt_dff.cc:195:make_patterns_logic$528 ($ne).
Removed top 1 bits (of 2) from mux cell top.$flatten\startModule.$procmux$475 ($mux).
Removed top 3 bits (of 4) from port B of cell top.$flatten\startModule.$procmux$461_CMP0 ($eq).
Removed top 2 bits (of 4) from port B of cell top.$flatten\startModule.$procmux$457_CMP0 ($eq).
Removed top 2 bits (of 4) from port B of cell top.$flatten\startModule.$procmux$453_CMP0 ($eq).
Removed top 11 bits (of 19) from port B of cell top.$flatten\startModule.$eq$./StartModule.v:63$388 ($eq).
Removed top 14 bits (of 19) from port B of cell top.$flatten\startModule.$eq$./StartModule.v:51$386 ($eq).
Removed top 31 bits (of 32) from port B of cell top.$flatten\startModule.$add$./StartModule.v:43$385 ($add).
Removed top 13 bits (of 32) from port Y of cell top.$flatten\startModule.$add$./StartModule.v:43$385 ($add).
Removed top 4 bits (of 19) from port B of cell top.$flatten\startModule.$eq$./StartModule.v:39$384 ($eq).
Removed top 28 bits (of 32) from wire top.$flatten\frequencyDivider.$add$./freqDiv.v:25$395_Y.
Removed top 1 bits (of 2) from wire top.$flatten\startModule.$0\selector[1:0].
Removed top 13 bits (of 32) from wire top.$flatten\startModule.$add$./StartModule.v:43$385_Y.

2.15. Executing PEEPOPT pass (run peephole optimizers).

2.16. Executing OPT_CLEAN pass (remove unused cells and wires).
Finding unused cells or wires in module \top..
Removed 0 unused cells and 3 unused wires.

2.17. Executing SHARE pass (SAT-based resource sharing).

2.18. Executing TECHMAP pass (map to technology primitives).

2.18.1. Executing Verilog-2005 frontend: /home/brandon/miniconda3/envs/digital/bin/../share/yosys/cmp2lut.v
Parsing Verilog input from `/home/brandon/miniconda3/envs/digital/bin/../share/yosys/cmp2lut.v' to AST representation.
Generating RTLIL representation for module `\_90_lut_cmp_'.
Successfully finished Verilog frontend.

2.18.2. Continuing TECHMAP pass.
No more expansions possible.

2.19. Executing OPT_EXPR pass (perform const folding).
Optimizing module top.

2.20. Executing OPT_CLEAN pass (remove unused cells and wires).
Finding unused cells or wires in module \top..

2.21. Executing ALUMACC pass (create $alu and $macc cells).
Extracting $alu and $macc cells in module top:
  creating $macc model for $flatten\frequencyDivider.$add$./freqDiv.v:25$395 ($add).
  creating $macc model for $flatten\startModule.$add$./StartModule.v:43$385 ($add).
  creating $alu model for $macc $flatten\startModule.$add$./StartModule.v:43$385.
  creating $alu model for $macc $flatten\frequencyDivider.$add$./freqDiv.v:25$395.
  creating $alu cell for $flatten\frequencyDivider.$add$./freqDiv.v:25$395: $auto$alumacc.cc:485:replace_alu$543
  creating $alu cell for $flatten\startModule.$add$./StartModule.v:43$385: $auto$alumacc.cc:485:replace_alu$546
  created 2 $alu and 0 $macc cells.

2.22. Executing OPT pass (performing simple optimizations).

2.22.1. Executing OPT_EXPR pass (perform const folding).
Optimizing module top.

2.22.2. Executing OPT_MERGE pass (detect identical cells).
Finding identical cells in module `\top'.
Removed a total of 0 cells.

2.22.3. Executing OPT_MUXTREE pass (detect dead branches in mux trees).
Running muxtree optimizer on module \top..
  Creating internal representation of mux trees.
  Evaluating internal representation of mux trees.
  Analyzing evaluation results.
Removed 0 multiplexer ports.

2.22.4. Executing OPT_REDUCE pass (consolidate $*mux and $reduce_* inputs).
  Optimizing cells in module \top.
Performed a total of 0 changes.

2.22.5. Executing OPT_MERGE pass (detect identical cells).
Finding identical cells in module `\top'.
Removed a total of 0 cells.

2.22.6. Executing OPT_DFF pass (perform DFF optimizations).
Setting constant 0-bit at position 1 on $flatten\startModule.$procdff$517 ($dff) from module top.

2.22.7. Executing OPT_CLEAN pass (remove unused cells and wires).
Finding unused cells or wires in module \top..

2.22.8. Executing OPT_EXPR pass (perform const folding).
Optimizing module top.

2.22.9. Rerunning OPT passes. (Maybe there is more to do..)

2.22.10. Executing OPT_MUXTREE pass (detect dead branches in mux trees).
Running muxtree optimizer on module \top..
  Creating internal representation of mux trees.
  Evaluating internal representation of mux trees.
  Analyzing evaluation results.
Removed 0 multiplexer ports.

2.22.11. Executing OPT_REDUCE pass (consolidate $*mux and $reduce_* inputs).
  Optimizing cells in module \top.
Performed a total of 0 changes.

2.22.12. Executing OPT_MERGE pass (detect identical cells).
Finding identical cells in module `\top'.
Removed a total of 0 cells.

2.22.13. Executing OPT_DFF pass (perform DFF optimizations).

2.22.14. Executing OPT_CLEAN pass (remove unused cells and wires).
Finding unused cells or wires in module \top..
Removed 0 unused cells and 1 unused wires.

2.22.15. Executing OPT_EXPR pass (perform const folding).
Optimizing module top.

2.22.16. Rerunning OPT passes. (Maybe there is more to do..)

2.22.17. Executing OPT_MUXTREE pass (detect dead branches in mux trees).
Running muxtree optimizer on module \top..
  Creating internal representation of mux trees.
  Evaluating internal representation of mux trees.
  Analyzing evaluation results.
Removed 0 multiplexer ports.

2.22.18. Executing OPT_REDUCE pass (consolidate $*mux and $reduce_* inputs).
  Optimizing cells in module \top.
Performed a total of 0 changes.

2.22.19. Executing OPT_MERGE pass (detect identical cells).
Finding identical cells in module `\top'.
Removed a total of 0 cells.

2.22.20. Executing OPT_DFF pass (perform DFF optimizations).

2.22.21. Executing OPT_CLEAN pass (remove unused cells and wires).
Finding unused cells or wires in module \top..

2.22.22. Executing OPT_EXPR pass (perform const folding).
Optimizing module top.

2.22.23. Finished OPT passes. (There is nothing left to do.)

2.23. Executing MEMORY pass.

2.23.1. Executing OPT_MEM pass (optimize memories).
Performed a total of 0 transformations.

2.23.2. Executing OPT_MEM_PRIORITY pass (removing unnecessary memory write priority relations).
Performed a total of 0 transformations.

2.23.3. Executing OPT_MEM_FEEDBACK pass (finding memory read-to-write feedback paths).

2.23.4. Executing MEMORY_BMUX2ROM pass (converting muxes to ROMs).

2.23.5. Executing MEMORY_DFF pass (merging $dff cells to $memrd).

2.23.6. Executing OPT_CLEAN pass (remove unused cells and wires).
Finding unused cells or wires in module \top..

2.23.7. Executing MEMORY_SHARE pass (consolidating $memrd/$memwr cells).

2.23.8. Executing OPT_MEM_WIDEN pass (optimize memories where all ports are wide).
Performed a total of 0 transformations.

2.23.9. Executing OPT_CLEAN pass (remove unused cells and wires).
Finding unused cells or wires in module \top..

2.23.10. Executing MEMORY_COLLECT pass (generating $mem cells).

2.24. Executing OPT_CLEAN pass (remove unused cells and wires).
Finding unused cells or wires in module \top..

2.25. Executing MEMORY_LIBMAP pass (mapping memories to cells).

2.26. Executing TECHMAP pass (map to technology primitives).

2.26.1. Executing Verilog-2005 frontend: /home/brandon/miniconda3/envs/digital/bin/../share/yosys/ice40/brams_map.v
Parsing Verilog input from `/home/brandon/miniconda3/envs/digital/bin/../share/yosys/ice40/brams_map.v' to AST representation.
Generating RTLIL representation for module `\$__ICE40_RAM4K_'.
Successfully finished Verilog frontend.

2.26.2. Executing Verilog-2005 frontend: /home/brandon/miniconda3/envs/digital/bin/../share/yosys/ice40/spram_map.v
Parsing Verilog input from `/home/brandon/miniconda3/envs/digital/bin/../share/yosys/ice40/spram_map.v' to AST representation.
Generating RTLIL representation for module `\$__ICE40_SPRAM_'.
Successfully finished Verilog frontend.

2.26.3. Continuing TECHMAP pass.
No more expansions possible.

2.27. Executing ICE40_BRAMINIT pass.

2.28. Executing OPT pass (performing simple optimizations).

2.28.1. Executing OPT_EXPR pass (perform const folding).
Optimizing module top.

2.28.2. Executing OPT_MERGE pass (detect identical cells).
Finding identical cells in module `\top'.
Removed a total of 0 cells.

2.28.3. Executing OPT_DFF pass (perform DFF optimizations).

2.28.4. Executing OPT_CLEAN pass (remove unused cells and wires).
Finding unused cells or wires in module \top..
Removed 0 unused cells and 3 unused wires.

2.28.5. Finished fast OPT passes.

2.29. Executing MEMORY_MAP pass (converting memories to logic and flip-flops).

2.30. Executing OPT pass (performing simple optimizations).

2.30.1. Executing OPT_EXPR pass (perform const folding).
Optimizing module top.

2.30.2. Executing OPT_MERGE pass (detect identical cells).
Finding identical cells in module `\top'.
Removed a total of 0 cells.

2.30.3. Executing OPT_MUXTREE pass (detect dead branches in mux trees).
Running muxtree optimizer on module \top..
  Creating internal representation of mux trees.
  Evaluating internal representation of mux trees.
  Analyzing evaluation results.
Removed 0 multiplexer ports.

2.30.4. Executing OPT_REDUCE pass (consolidate $*mux and $reduce_* inputs).
  Optimizing cells in module \top.
    Consolidated identical input bits for $pmux cell $flatten\startModule.$procmux$479:
      Old ports: A=4'0000, B=12'000100100011, Y=$flatten\startModule.$0\states[3:0]
      New ports: A=2'00, B=6'011011, Y=$flatten\startModule.$0\states[3:0] [1:0]
      New connections: $flatten\startModule.$0\states[3:0] [3:2] = 2'00
  Optimizing cells in module \top.
Performed a total of 1 changes.

2.30.5. Executing OPT_MERGE pass (detect identical cells).
Finding identical cells in module `\top'.
Removed a total of 0 cells.

2.30.6. Executing OPT_DFF pass (perform DFF optimizations).

2.30.7. Executing OPT_CLEAN pass (remove unused cells and wires).
Finding unused cells or wires in module \top..

2.30.8. Executing OPT_EXPR pass (perform const folding).
Optimizing module top.

2.30.9. Rerunning OPT passes. (Maybe there is more to do..)

2.30.10. Executing OPT_MUXTREE pass (detect dead branches in mux trees).
Running muxtree optimizer on module \top..
  Creating internal representation of mux trees.
  Evaluating internal representation of mux trees.
  Analyzing evaluation results.
Removed 0 multiplexer ports.

2.30.11. Executing OPT_REDUCE pass (consolidate $*mux and $reduce_* inputs).
  Optimizing cells in module \top.
Performed a total of 0 changes.

2.30.12. Executing OPT_MERGE pass (detect identical cells).
Finding identical cells in module `\top'.
Removed a total of 0 cells.

2.30.13. Executing OPT_DFF pass (perform DFF optimizations).
Setting constant 0-bit at position 2 on $auto$ff.cc:266:slice$526 ($dffe) from module top.
Setting constant 0-bit at position 3 on $auto$ff.cc:266:slice$526 ($dffe) from module top.

2.30.14. Executing OPT_CLEAN pass (remove unused cells and wires).
Finding unused cells or wires in module \top..

2.30.15. Executing OPT_EXPR pass (perform const folding).
Optimizing module top.

2.30.16. Rerunning OPT passes. (Maybe there is more to do..)

2.30.17. Executing OPT_MUXTREE pass (detect dead branches in mux trees).
Running muxtree optimizer on module \top..
  Creating internal representation of mux trees.
  Evaluating internal representation of mux trees.
  Analyzing evaluation results.
Removed 0 multiplexer ports.

2.30.18. Executing OPT_REDUCE pass (consolidate $*mux and $reduce_* inputs).
  Optimizing cells in module \top.
Performed a total of 0 changes.

2.30.19. Executing OPT_MERGE pass (detect identical cells).
Finding identical cells in module `\top'.
Removed a total of 0 cells.

2.30.20. Executing OPT_DFF pass (perform DFF optimizations).

2.30.21. Executing OPT_CLEAN pass (remove unused cells and wires).
Finding unused cells or wires in module \top..

2.30.22. Executing OPT_EXPR pass (perform const folding).
Optimizing module top.

2.30.23. Finished OPT passes. (There is nothing left to do.)

2.31. Executing ICE40_WRAPCARRY pass (wrap carries).

2.32. Executing TECHMAP pass (map to technology primitives).

2.32.1. Executing Verilog-2005 frontend: /home/brandon/miniconda3/envs/digital/bin/../share/yosys/techmap.v
Parsing Verilog input from `/home/brandon/miniconda3/envs/digital/bin/../share/yosys/techmap.v' to AST representation.
Generating RTLIL representation for module `\_90_simplemap_bool_ops'.
Generating RTLIL representation for module `\_90_simplemap_reduce_ops'.
Generating RTLIL representation for module `\_90_simplemap_logic_ops'.
Generating RTLIL representation for module `\_90_simplemap_compare_ops'.
Generating RTLIL representation for module `\_90_simplemap_various'.
Generating RTLIL representation for module `\_90_simplemap_registers'.
Generating RTLIL representation for module `\_90_shift_ops_shr_shl_sshl_sshr'.
Generating RTLIL representation for module `\_90_shift_shiftx'.
Generating RTLIL representation for module `\_90_fa'.
Generating RTLIL representation for module `\_90_lcu'.
Generating RTLIL representation for module `\_90_alu'.
Generating RTLIL representation for module `\_90_macc'.
Generating RTLIL representation for module `\_90_alumacc'.
Generating RTLIL representation for module `\$__div_mod_u'.
Generating RTLIL representation for module `\$__div_mod_trunc'.
Generating RTLIL representation for module `\_90_div'.
Generating RTLIL representation for module `\_90_mod'.
Generating RTLIL representation for module `\$__div_mod_floor'.
Generating RTLIL representation for module `\_90_divfloor'.
Generating RTLIL representation for module `\_90_modfloor'.
Generating RTLIL representation for module `\_90_pow'.
Generating RTLIL representation for module `\_90_pmux'.
Generating RTLIL representation for module `\_90_demux'.
Generating RTLIL representation for module `\_90_lut'.
Successfully finished Verilog frontend.

2.32.2. Executing Verilog-2005 frontend: /home/brandon/miniconda3/envs/digital/bin/../share/yosys/ice40/arith_map.v
Parsing Verilog input from `/home/brandon/miniconda3/envs/digital/bin/../share/yosys/ice40/arith_map.v' to AST representation.
Generating RTLIL representation for module `\_80_ice40_alu'.
Successfully finished Verilog frontend.

2.32.3. Continuing TECHMAP pass.
Using extmapper simplemap for cells of type $dffe.
Using template $paramod$20b1d0597707d55efcb9664e40f63985956d7680\_80_ice40_alu for cells of type $alu.
Using extmapper simplemap for cells of type $not.
Using extmapper simplemap for cells of type $eq.
Using extmapper simplemap for cells of type $reduce_and.
Using extmapper simplemap for cells of type $ne.
Using extmapper simplemap for cells of type $reduce_or.
Using template $paramod$32a7b7b86c07519b7537abc18e96f0331f97914d\_80_ice40_alu for cells of type $alu.
Using extmapper simplemap for cells of type $sdff.
Using extmapper simplemap for cells of type $dff.
Using template $paramod$97565c3687be688407d1272a293bd9d0ae6852dc\_90_pmux for cells of type $pmux.
Using extmapper simplemap for cells of type $mux.
Using extmapper simplemap for cells of type $logic_not.
Using template $paramod$3fab3f21e55e95622ebf6caf13e26721edfa8c67\_90_pmux for cells of type $pmux.
Using extmapper simplemap for cells of type $tribuf.
Using extmapper simplemap for cells of type $xor.
Using extmapper simplemap for cells of type $pos.
Using extmapper simplemap for cells of type $and.
No more expansions possible.

2.33. Executing OPT pass (performing simple optimizations).

2.33.1. Executing OPT_EXPR pass (perform const folding).
Optimizing module top.

2.33.2. Executing OPT_MERGE pass (detect identical cells).
Finding identical cells in module `\top'.
Removed a total of 36 cells.

2.33.3. Executing OPT_DFF pass (perform DFF optimizations).

2.33.4. Executing OPT_CLEAN pass (remove unused cells and wires).
Finding unused cells or wires in module \top..
Removed 11 unused cells and 155 unused wires.

2.33.5. Finished fast OPT passes.

2.34. Executing ICE40_OPT pass (performing simple optimizations).

2.34.1. Running ICE40 specific optimizations.
Optimized $__ICE40_CARRY_WRAPPER cell back to logic (without SB_CARRY) top.$auto$alumacc.cc:485:replace_alu$543.slice[0].carry: CO=\frequencyDivider.count [0]
Optimized $__ICE40_CARRY_WRAPPER cell back to logic (without SB_CARRY) top.$auto$alumacc.cc:485:replace_alu$546.slice[0].carry: CO=\startModule.counter [0]

2.34.2. Executing OPT_EXPR pass (perform const folding).
Optimizing module top.

2.34.3. Executing OPT_MERGE pass (detect identical cells).
Finding identical cells in module `\top'.
Removed a total of 0 cells.

2.34.4. Executing OPT_DFF pass (perform DFF optimizations).
Adding SRST signal on $auto$ff.cc:266:slice$727 ($_DFF_P_) from module top (D = $flatten\startModule.$procmux$452.Y_B [18], Q = \startModule.counter [18], rval = 1'0).
Adding SRST signal on $auto$ff.cc:266:slice$726 ($_DFF_P_) from module top (D = $flatten\startModule.$procmux$452.Y_B [17], Q = \startModule.counter [17], rval = 1'0).
Adding SRST signal on $auto$ff.cc:266:slice$725 ($_DFF_P_) from module top (D = $flatten\startModule.$procmux$452.Y_B [16], Q = \startModule.counter [16], rval = 1'0).
Adding SRST signal on $auto$ff.cc:266:slice$724 ($_DFF_P_) from module top (D = $flatten\startModule.$procmux$452.Y_B [15], Q = \startModule.counter [15], rval = 1'0).
Adding SRST signal on $auto$ff.cc:266:slice$723 ($_DFF_P_) from module top (D = $flatten\startModule.$procmux$452.Y_B [14], Q = \startModule.counter [14], rval = 1'0).
Adding SRST signal on $auto$ff.cc:266:slice$722 ($_DFF_P_) from module top (D = $flatten\startModule.$procmux$452.Y_B [13], Q = \startModule.counter [13], rval = 1'0).
Adding SRST signal on $auto$ff.cc:266:slice$721 ($_DFF_P_) from module top (D = $flatten\startModule.$procmux$452.Y_B [12], Q = \startModule.counter [12], rval = 1'0).
Adding SRST signal on $auto$ff.cc:266:slice$720 ($_DFF_P_) from module top (D = $flatten\startModule.$procmux$452.Y_B [11], Q = \startModule.counter [11], rval = 1'0).
Adding SRST signal on $auto$ff.cc:266:slice$719 ($_DFF_P_) from module top (D = $flatten\startModule.$procmux$452.Y_B [10], Q = \startModule.counter [10], rval = 1'0).
Adding SRST signal on $auto$ff.cc:266:slice$718 ($_DFF_P_) from module top (D = $flatten\startModule.$procmux$452.Y_B [9], Q = \startModule.counter [9], rval = 1'0).
Adding SRST signal on $auto$ff.cc:266:slice$717 ($_DFF_P_) from module top (D = $flatten\startModule.$procmux$452.Y_B [8], Q = \startModule.counter [8], rval = 1'0).
Adding SRST signal on $auto$ff.cc:266:slice$716 ($_DFF_P_) from module top (D = $flatten\startModule.$procmux$452.Y_B [7], Q = \startModule.counter [7], rval = 1'0).
Adding SRST signal on $auto$ff.cc:266:slice$715 ($_DFF_P_) from module top (D = $flatten\startModule.$procmux$452.Y_B [6], Q = \startModule.counter [6], rval = 1'0).
Adding SRST signal on $auto$ff.cc:266:slice$714 ($_DFF_P_) from module top (D = $flatten\startModule.$procmux$452.Y_B [5], Q = \startModule.counter [5], rval = 1'0).
Adding SRST signal on $auto$ff.cc:266:slice$713 ($_DFF_P_) from module top (D = $flatten\startModule.$procmux$452.Y_B [4], Q = \startModule.counter [4], rval = 1'0).
Adding SRST signal on $auto$ff.cc:266:slice$712 ($_DFF_P_) from module top (D = $flatten\startModule.$procmux$452.Y_B [3], Q = \startModule.counter [3], rval = 1'0).
Adding SRST signal on $auto$ff.cc:266:slice$711 ($_DFF_P_) from module top (D = $flatten\startModule.$procmux$452.Y_B [2], Q = \startModule.counter [2], rval = 1'0).
Adding SRST signal on $auto$ff.cc:266:slice$710 ($_DFF_P_) from module top (D = $flatten\startModule.$procmux$452.Y_B [1], Q = \startModule.counter [1], rval = 1'0).
Adding SRST signal on $auto$ff.cc:266:slice$709 ($_DFF_P_) from module top (D = $flatten\startModule.$procmux$452.Y_B [0], Q = \startModule.counter [0], rval = 1'0).
Adding SRST signal on $auto$ff.cc:266:slice$672 ($_DFFE_PP_) from module top (D = $flatten\startModule.$procmux$479.Y_B [1], Q = \startModule.states [1], rval = 1'0).
Adding SRST signal on $auto$ff.cc:266:slice$671 ($_DFFE_PP_) from module top (D = $flatten\startModule.$procmux$479.Y_B [0], Q = \startModule.states [0], rval = 1'0).

2.34.5. Executing OPT_CLEAN pass (remove unused cells and wires).
Finding unused cells or wires in module \top..
Removed 21 unused cells and 2 unused wires.

2.34.6. Rerunning OPT passes. (Removed registers in this run.)

2.34.7. Running ICE40 specific optimizations.

2.34.8. Executing OPT_EXPR pass (perform const folding).
Optimizing module top.

2.34.9. Executing OPT_MERGE pass (detect identical cells).
Finding identical cells in module `\top'.
Removed a total of 0 cells.

2.34.10. Executing OPT_DFF pass (perform DFF optimizations).

2.34.11. Executing OPT_CLEAN pass (remove unused cells and wires).
Finding unused cells or wires in module \top..

2.34.12. Finished OPT passes. (There is nothing left to do.)

2.35. Executing DFFLEGALIZE pass (convert FFs to types supported by the target).

2.36. Executing TECHMAP pass (map to technology primitives).

2.36.1. Executing Verilog-2005 frontend: /home/brandon/miniconda3/envs/digital/bin/../share/yosys/ice40/ff_map.v
Parsing Verilog input from `/home/brandon/miniconda3/envs/digital/bin/../share/yosys/ice40/ff_map.v' to AST representation.
Generating RTLIL representation for module `\$_DFF_N_'.
Generating RTLIL representation for module `\$_DFF_P_'.
Generating RTLIL representation for module `\$_DFFE_NP_'.
Generating RTLIL representation for module `\$_DFFE_PP_'.
Generating RTLIL representation for module `\$_DFF_NP0_'.
Generating RTLIL representation for module `\$_DFF_NP1_'.
Generating RTLIL representation for module `\$_DFF_PP0_'.
Generating RTLIL representation for module `\$_DFF_PP1_'.
Generating RTLIL representation for module `\$_DFFE_NP0P_'.
Generating RTLIL representation for module `\$_DFFE_NP1P_'.
Generating RTLIL representation for module `\$_DFFE_PP0P_'.
Generating RTLIL representation for module `\$_DFFE_PP1P_'.
Generating RTLIL representation for module `\$_SDFF_NP0_'.
Generating RTLIL representation for module `\$_SDFF_NP1_'.
Generating RTLIL representation for module `\$_SDFF_PP0_'.
Generating RTLIL representation for module `\$_SDFF_PP1_'.
Generating RTLIL representation for module `\$_SDFFCE_NP0P_'.
Generating RTLIL representation for module `\$_SDFFCE_NP1P_'.
Generating RTLIL representation for module `\$_SDFFCE_PP0P_'.
Generating RTLIL representation for module `\$_SDFFCE_PP1P_'.
Successfully finished Verilog frontend.

2.36.2. Continuing TECHMAP pass.
Using template \$_DFFE_PP_ for cells of type $_DFFE_PP_.
Using template \$_SDFF_PP0_ for cells of type $_SDFF_PP0_.
Using template \$_SDFFCE_PP0P_ for cells of type $_SDFFCE_PP0P_.
Using template \$_DFF_P_ for cells of type $_DFF_P_.
No more expansions possible.

2.37. Executing OPT_EXPR pass (perform const folding).
Optimizing module top.

2.38. Executing SIMPLEMAP pass (map simple cells to gate primitives).
Mapping top.$auto$alumacc.cc:485:replace_alu$543.slice[0].carry ($lut).
Mapping top.$auto$alumacc.cc:485:replace_alu$546.slice[0].carry ($lut).

2.39. Executing ICE40_OPT pass (performing simple optimizations).

2.39.1. Running ICE40 specific optimizations.

2.39.2. Executing OPT_EXPR pass (perform const folding).
Optimizing module top.

2.39.3. Executing OPT_MERGE pass (detect identical cells).
Finding identical cells in module `\top'.
Removed a total of 24 cells.

2.39.4. Executing OPT_DFF pass (perform DFF optimizations).

2.39.5. Executing OPT_CLEAN pass (remove unused cells and wires).
Finding unused cells or wires in module \top..
Removed 0 unused cells and 171 unused wires.

2.39.6. Rerunning OPT passes. (Removed registers in this run.)

2.39.7. Running ICE40 specific optimizations.

2.39.8. Executing OPT_EXPR pass (perform const folding).
Optimizing module top.

2.39.9. Executing OPT_MERGE pass (detect identical cells).
Finding identical cells in module `\top'.
Removed a total of 0 cells.

2.39.10. Executing OPT_DFF pass (perform DFF optimizations).

2.39.11. Executing OPT_CLEAN pass (remove unused cells and wires).
Finding unused cells or wires in module \top..

2.39.12. Finished OPT passes. (There is nothing left to do.)

2.40. Executing TECHMAP pass (map to technology primitives).

2.40.1. Executing Verilog-2005 frontend: /home/brandon/miniconda3/envs/digital/bin/../share/yosys/ice40/latches_map.v
Parsing Verilog input from `/home/brandon/miniconda3/envs/digital/bin/../share/yosys/ice40/latches_map.v' to AST representation.
Generating RTLIL representation for module `\$_DLATCH_N_'.
Generating RTLIL representation for module `\$_DLATCH_P_'.
Successfully finished Verilog frontend.

2.40.2. Continuing TECHMAP pass.
No more expansions possible.

2.41. Executing ABC pass (technology mapping using ABC).

2.41.1. Extracting gate netlist of module `\top' to `<abc-temp-dir>/input.blif'..
Extracted 239 gates and 283 wires to a netlist network with 44 inputs and 29 outputs.

2.41.1.1. Executing ABC.
Running ABC command: "<yosys-exe-dir>/yosys-abc" -s -f <abc-temp-dir>/abc.script 2>&1
ABC: ABC command line: "source <abc-temp-dir>/abc.script".
ABC: 
ABC: + read_blif <abc-temp-dir>/input.blif 
ABC: + read_lut <abc-temp-dir>/lutdefs.txt 
ABC: + strash 
ABC: + &get -n 
ABC: + &fraig -x 
ABC: + &put 
ABC: + scorr 
ABC: Warning: The network is combinational (run "fraig" or "fraig_sweep").
ABC: + dc2 
ABC: + dretime 
ABC: + strash 
ABC: + dch -f 
ABC: + if 
ABC: + mfs2 
ABC: + lutpack -S 1 
ABC: + dress <abc-temp-dir>/input.blif 
ABC: Total number of equiv classes                =      35.
ABC: Participating nodes from both networks       =      79.
ABC: Participating nodes from the first network   =      35. (  77.78 % of nodes)
ABC: Participating nodes from the second network  =      44. (  97.78 % of nodes)
ABC: Node pairs (any polarity)                    =      34. (  75.56 % of names can be moved)
ABC: Node pairs (same polarity)                   =      28. (  62.22 % of names can be moved)
ABC: Total runtime =     0.05 sec
ABC: + write_blif <abc-temp-dir>/output.blif 

2.41.1.2. Re-integrating ABC results.
ABC RESULTS:              $lut cells:       43
ABC RESULTS:        internal signals:      210
ABC RESULTS:           input signals:       44
ABC RESULTS:          output signals:       29
Removing temp directory.

2.42. Executing ICE40_WRAPCARRY pass (wrap carries).

2.43. Executing TECHMAP pass (map to technology primitives).

2.43.1. Executing Verilog-2005 frontend: /home/brandon/miniconda3/envs/digital/bin/../share/yosys/ice40/ff_map.v
Parsing Verilog input from `/home/brandon/miniconda3/envs/digital/bin/../share/yosys/ice40/ff_map.v' to AST representation.
Generating RTLIL representation for module `\$_DFF_N_'.
Generating RTLIL representation for module `\$_DFF_P_'.
Generating RTLIL representation for module `\$_DFFE_NP_'.
Generating RTLIL representation for module `\$_DFFE_PP_'.
Generating RTLIL representation for module `\$_DFF_NP0_'.
Generating RTLIL representation for module `\$_DFF_NP1_'.
Generating RTLIL representation for module `\$_DFF_PP0_'.
Generating RTLIL representation for module `\$_DFF_PP1_'.
Generating RTLIL representation for module `\$_DFFE_NP0P_'.
Generating RTLIL representation for module `\$_DFFE_NP1P_'.
Generating RTLIL representation for module `\$_DFFE_PP0P_'.
Generating RTLIL representation for module `\$_DFFE_PP1P_'.
Generating RTLIL representation for module `\$_SDFF_NP0_'.
Generating RTLIL representation for module `\$_SDFF_NP1_'.
Generating RTLIL representation for module `\$_SDFF_PP0_'.
Generating RTLIL representation for module `\$_SDFF_PP1_'.
Generating RTLIL representation for module `\$_SDFFCE_NP0P_'.
Generating RTLIL representation for module `\$_SDFFCE_NP1P_'.
Generating RTLIL representation for module `\$_SDFFCE_PP0P_'.
Generating RTLIL representation for module `\$_SDFFCE_PP1P_'.
Successfully finished Verilog frontend.

2.43.2. Continuing TECHMAP pass.
No more expansions possible.
Removed 2 unused cells and 146 unused wires.

2.44. Executing OPT_LUT pass (optimize LUTs).
Discovering LUTs.
Number of LUTs:       64
  1-LUT                4
  2-LUT                7
  3-LUT               23
  4-LUT               30
  with \SB_CARRY    (#0)   19
  with \SB_CARRY    (#1)   19

Eliminating LUTs.
Number of LUTs:       64
  1-LUT                4
  2-LUT                7
  3-LUT               23
  4-LUT               30
  with \SB_CARRY    (#0)   19
  with \SB_CARRY    (#1)   19

Combining LUTs.
Number of LUTs:       64
  1-LUT                4
  2-LUT                7
  3-LUT               23
  4-LUT               30
  with \SB_CARRY    (#0)   19
  with \SB_CARRY    (#1)   19

Eliminated 0 LUTs.
Combined 0 LUTs.

2.45. Executing TECHMAP pass (map to technology primitives).

2.45.1. Executing Verilog-2005 frontend: /home/brandon/miniconda3/envs/digital/bin/../share/yosys/ice40/cells_map.v
Parsing Verilog input from `/home/brandon/miniconda3/envs/digital/bin/../share/yosys/ice40/cells_map.v' to AST representation.
Generating RTLIL representation for module `\$lut'.
Successfully finished Verilog frontend.

2.45.2. Continuing TECHMAP pass.
Using template $paramod$658b9ed803f0d3d335616d3858b53e0a2522f1e8\$lut for cells of type $lut.
Using template $paramod\$lut\WIDTH=32'00000000000000000000000000000010\LUT=4'1000 for cells of type $lut.
Using template $paramod\$lut\WIDTH=32'00000000000000000000000000000011\LUT=8'00000001 for cells of type $lut.
Using template $paramod$272652f6c6fbe9a75eff76e45cc7e2788835518b\$lut for cells of type $lut.
Using template $paramod$4b2297966ddb718657b80566604f97685ffc0120\$lut for cells of type $lut.
Using template $paramod$fd904e9e35cfd343a9df248824bd3f1408724879\$lut for cells of type $lut.
Using template $paramod$6d6beead1425af15cf78b27fd9b11b41b5d4bce8\$lut for cells of type $lut.
Using template $paramod$22ee34ebaae3e885b4012d7036d75a6112129095\$lut for cells of type $lut.
Using template $paramod$c82d7aa204724568255de10e493596086641f722\$lut for cells of type $lut.
Using template $paramod\$lut\WIDTH=32'00000000000000000000000000000011\LUT=8'00010000 for cells of type $lut.
Using template $paramod\$lut\WIDTH=32'00000000000000000000000000000011\LUT=8'01000000 for cells of type $lut.
Using template $paramod\$lut\WIDTH=32'00000000000000000000000000000011\LUT=8'10000000 for cells of type $lut.
Using template $paramod$a670b08a47dd8a34f954c50cd06e9996d77e8467\$lut for cells of type $lut.
Using template $paramod\$lut\WIDTH=32'00000000000000000000000000000010\LUT=4'0110 for cells of type $lut.
Using template $paramod\$lut\WIDTH=32'00000000000000000000000000000010\LUT=4'0100 for cells of type $lut.
Using template $paramod\$lut\WIDTH=32'00000000000000000000000000000001\LUT=2'01 for cells of type $lut.
Using template $paramod$12879138d1e376f344e47ea40be66b776233be75\$lut for cells of type $lut.
Using template $paramod$a2d691ba21e093558f2a36669ee489fbccffbcd3\$lut for cells of type $lut.
No more expansions possible.
Removed 0 unused cells and 136 unused wires.

2.46. Executing AUTONAME pass.
Renamed 1085 objects in module top (20 iterations).

2.47. Executing HIERARCHY pass (managing design hierarchy).

2.47.1. Analyzing design hierarchy..
Top module:  \top

2.47.2. Analyzing design hierarchy..
Top module:  \top
Removed 0 unused modules.

2.48. Printing statistics.

=== top ===

   Number of wires:                 37
   Number of wire bits:            141
   Number of public wires:          37
   Number of public wire bits:     141
   Number of memories:               0
   Number of memory bits:            0
   Number of processes:              0
   Number of cells:                112
     $_TBUF_                         1
     SB_CARRY                       19
     SB_DFF                          2
     SB_DFFE                         1
     SB_DFFESR                       2
     SB_DFFSR                       23
     SB_LUT4                        64

2.49. Executing CHECK pass (checking for obvious problems).
Checking module top...
Found and reported 0 problems.

2.50. Executing JSON backend.

Warnings: 12 unique messages, 12 total
End of script. Logfile hash: 7733e6b0d3, CPU: user 0.79s system 0.02s, MEM: 21.25 MB peak
Yosys 0.33+6 (git sha1 41b34a193, x86_64-conda-linux-gnu-cc 11.2.0 -fvisibility-inlines-hidden -fmessage-length=0 -march=nocona -mtune=haswell -ftree-vectorize -fPIC -fstack-protector-strong -fno-plt -O2 -ffunction-sections -fdebug-prefix-map=/root/conda-eda/conda-eda/workdir/conda-env/conda-bld/yosys_1694128612374/work=/usr/local/src/conda/yosys-0.33_7_g41b34a193 -fdebug-prefix-map=/home/brandon/miniconda3/envs/digital=/usr/local/src/conda-prefix -fPIC -Os -fno-merge-constants)
Time spent: 48% 13x read_verilog (0 sec), 15% 1x abc (0 sec), ...
