
 /----------------------------------------------------------------------------\
 |                                                                            |
 |  yosys -- Yosys Open SYnthesis Suite                                       |
 |                                                                            |
 |  Copyright (C) 2012 - 2020  Claire Xenia Wolf <claire@yosyshq.com>         |
 |                                                                            |
 |  Permission to use, copy, modify, and/or distribute this software for any  |
 |  purpose with or without fee is hereby granted, provided that the above    |
 |  copyright notice and this permission notice appear in all copies.         |
 |                                                                            |
 |  THE SOFTWARE IS PROVIDED "AS IS" AND THE AUTHOR DISCLAIMS ALL WARRANTIES  |
 |  WITH REGARD TO THIS SOFTWARE INCLUDING ALL IMPLIED WARRANTIES OF          |
 |  MERCHANTABILITY AND FITNESS. IN NO EVENT SHALL THE AUTHOR BE LIABLE FOR   |
 |  ANY SPECIAL, DIRECT, INDIRECT, OR CONSEQUENTIAL DAMAGES OR ANY DAMAGES    |
 |  WHATSOEVER RESULTING FROM LOSS OF USE, DATA OR PROFITS, WHETHER IN AN     |
 |  ACTION OF CONTRACT, NEGLIGENCE OR OTHER TORTIOUS ACTION, ARISING OUT OF   |
 |  OR IN CONNECTION WITH THE USE OR PERFORMANCE OF THIS SOFTWARE.            |
 |                                                                            |
 \----------------------------------------------------------------------------/

 Yosys 0.33+6 (git sha1 41b34a193, x86_64-conda-linux-gnu-cc 11.2.0 -fvisibility-inlines-hidden -fmessage-length=0 -march=nocona -mtune=haswell -ftree-vectorize -fPIC -fstack-protector-strong -fno-plt -O2 -ffunction-sections -fdebug-prefix-map=/root/conda-eda/conda-eda/workdir/conda-env/conda-bld/yosys_1694128612374/work=/usr/local/src/conda/yosys-0.33_7_g41b34a193 -fdebug-prefix-map=/home/brandon/miniconda3/envs/digital=/usr/local/src/conda-prefix -fPIC -Os -fno-merge-constants)


-- Parsing `top.v' using frontend ` -vlog2k' --

1. Executing Verilog-2005 frontend: top.v
Parsing Verilog input from `top.v' to AST representation.
Warning: Yosys has only limited support for tri-state logic at the moment. (top.v:80)
Storing AST representation for module `$abstract\freqDiv'.
Storing AST representation for module `$abstract\top'.
Successfully finished Verilog frontend.

-- Running command `synth_ice40 -top top -json build/top.json' --

2. Executing SYNTH_ICE40 pass.

2.1. Executing Verilog-2005 frontend: /home/brandon/miniconda3/envs/digital/bin/../share/yosys/ice40/cells_sim.v
Parsing Verilog input from `/home/brandon/miniconda3/envs/digital/bin/../share/yosys/ice40/cells_sim.v' to AST representation.
Generating RTLIL representation for module `\SB_IO'.
Generating RTLIL representation for module `\SB_GB_IO'.
Generating RTLIL representation for module `\SB_GB'.
Generating RTLIL representation for module `\SB_LUT4'.
Generating RTLIL representation for module `\SB_CARRY'.
Generating RTLIL representation for module `\SB_DFF'.
Generating RTLIL representation for module `\SB_DFFE'.
Generating RTLIL representation for module `\SB_DFFSR'.
Generating RTLIL representation for module `\SB_DFFR'.
Generating RTLIL representation for module `\SB_DFFSS'.
Generating RTLIL representation for module `\SB_DFFS'.
Generating RTLIL representation for module `\SB_DFFESR'.
Generating RTLIL representation for module `\SB_DFFER'.
Generating RTLIL representation for module `\SB_DFFESS'.
Generating RTLIL representation for module `\SB_DFFES'.
Generating RTLIL representation for module `\SB_DFFN'.
Generating RTLIL representation for module `\SB_DFFNE'.
Generating RTLIL representation for module `\SB_DFFNSR'.
Generating RTLIL representation for module `\SB_DFFNR'.
Generating RTLIL representation for module `\SB_DFFNSS'.
Generating RTLIL representation for module `\SB_DFFNS'.
Generating RTLIL representation for module `\SB_DFFNESR'.
Generating RTLIL representation for module `\SB_DFFNER'.
Generating RTLIL representation for module `\SB_DFFNESS'.
Generating RTLIL representation for module `\SB_DFFNES'.
Generating RTLIL representation for module `\SB_RAM40_4K'.
Generating RTLIL representation for module `\SB_RAM40_4KNR'.
Generating RTLIL representation for module `\SB_RAM40_4KNW'.
Generating RTLIL representation for module `\SB_RAM40_4KNRNW'.
Generating RTLIL representation for module `\ICESTORM_LC'.
Generating RTLIL representation for module `\SB_PLL40_CORE'.
Generating RTLIL representation for module `\SB_PLL40_PAD'.
Generating RTLIL representation for module `\SB_PLL40_2_PAD'.
Generating RTLIL representation for module `\SB_PLL40_2F_CORE'.
Generating RTLIL representation for module `\SB_PLL40_2F_PAD'.
Generating RTLIL representation for module `\SB_WARMBOOT'.
Generating RTLIL representation for module `\SB_SPRAM256KA'.
Generating RTLIL representation for module `\SB_HFOSC'.
Generating RTLIL representation for module `\SB_LFOSC'.
Generating RTLIL representation for module `\SB_RGBA_DRV'.
Generating RTLIL representation for module `\SB_LED_DRV_CUR'.
Generating RTLIL representation for module `\SB_RGB_DRV'.
Generating RTLIL representation for module `\SB_I2C'.
Generating RTLIL representation for module `\SB_SPI'.
Generating RTLIL representation for module `\SB_LEDDA_IP'.
Generating RTLIL representation for module `\SB_FILTER_50NS'.
Generating RTLIL representation for module `\SB_IO_I3C'.
Generating RTLIL representation for module `\SB_IO_OD'.
Generating RTLIL representation for module `\SB_MAC16'.
Generating RTLIL representation for module `\ICESTORM_RAM'.
Successfully finished Verilog frontend.

2.2. Executing HIERARCHY pass (managing design hierarchy).

2.3. Executing AST frontend in derive mode using pre-parsed AST for module `\top'.
Generating RTLIL representation for module `\top'.
Warning: reg '\state' is assigned in a continuous assignment at top.v:229.12-229.29.
top.v:27: Warning: Replacing floating point parameter frequencyDivider.FREQ_IN = 25000000.000000 with string.
top.v:27: Warning: Replacing floating point parameter frequencyDivider.FREQ_OUT = 1000000.000000 with string.
top.v:29: Warning: Identifier `\clk' is implicitly declared.

2.3.1. Analyzing design hierarchy..
Top module:  \top
Parameter \FREQ_IN = 120'001100100011010100110000001100000011000000110000001100000011000000101110001100000011000000110000001100000011000000110000
Parameter \FREQ_OUT = 112'0011000100110000001100000011000000110000001100000011000000101110001100000011000000110000001100000011000000110000

2.3.2. Executing AST frontend in derive mode using pre-parsed AST for module `\freqDiv'.
Parameter \FREQ_IN = 120'001100100011010100110000001100000011000000110000001100000011000000101110001100000011000000110000001100000011000000110000
Parameter \FREQ_OUT = 112'0011000100110000001100000011000000110000001100000011000000101110001100000011000000110000001100000011000000110000
Generating RTLIL representation for module `$paramod$91ec1c5dbd44b87e4dc5467dd1e28f606bf2604e\freqDiv'.
./freqDiv.v:3: Warning: converting real value 2.500000e+07 to binary 25000000.
./freqDiv.v:4: Warning: converting real value 1.000000e+06 to binary 1000000.

2.3.3. Analyzing design hierarchy..
Top module:  \top
Used module:     $paramod$91ec1c5dbd44b87e4dc5467dd1e28f606bf2604e\freqDiv

2.3.4. Analyzing design hierarchy..
Top module:  \top
Used module:     $paramod$91ec1c5dbd44b87e4dc5467dd1e28f606bf2604e\freqDiv
Removing unused module `$abstract\top'.
Removing unused module `$abstract\freqDiv'.
Removed 2 unused modules.

2.4. Executing PROC pass (convert processes to netlists).

2.4.1. Executing PROC_CLEAN pass (remove empty switches from decision trees).
Cleaned up 0 empty switches.

2.4.2. Executing PROC_RMDEAD pass (remove dead branches from decision trees).
Marked 1 switch rules as full_case in process $proc$/home/brandon/miniconda3/envs/digital/bin/../share/yosys/ice40/cells_sim.v:1414$241 in module SB_DFFNES.
Marked 1 switch rules as full_case in process $proc$/home/brandon/miniconda3/envs/digital/bin/../share/yosys/ice40/cells_sim.v:1353$234 in module SB_DFFNESS.
Marked 1 switch rules as full_case in process $proc$/home/brandon/miniconda3/envs/digital/bin/../share/yosys/ice40/cells_sim.v:1273$230 in module SB_DFFNER.
Marked 1 switch rules as full_case in process $proc$/home/brandon/miniconda3/envs/digital/bin/../share/yosys/ice40/cells_sim.v:1212$223 in module SB_DFFNESR.
Marked 1 switch rules as full_case in process $proc$/home/brandon/miniconda3/envs/digital/bin/../share/yosys/ice40/cells_sim.v:1138$220 in module SB_DFFNS.
Marked 1 switch rules as full_case in process $proc$/home/brandon/miniconda3/envs/digital/bin/../share/yosys/ice40/cells_sim.v:1088$217 in module SB_DFFNSS.
Marked 1 switch rules as full_case in process $proc$/home/brandon/miniconda3/envs/digital/bin/../share/yosys/ice40/cells_sim.v:1017$214 in module SB_DFFNR.
Marked 1 switch rules as full_case in process $proc$/home/brandon/miniconda3/envs/digital/bin/../share/yosys/ice40/cells_sim.v:967$211 in module SB_DFFNSR.
Marked 1 switch rules as full_case in process $proc$/home/brandon/miniconda3/envs/digital/bin/../share/yosys/ice40/cells_sim.v:803$203 in module SB_DFFES.
Marked 1 switch rules as full_case in process $proc$/home/brandon/miniconda3/envs/digital/bin/../share/yosys/ice40/cells_sim.v:742$196 in module SB_DFFESS.
Marked 1 switch rules as full_case in process $proc$/home/brandon/miniconda3/envs/digital/bin/../share/yosys/ice40/cells_sim.v:662$192 in module SB_DFFER.
Marked 1 switch rules as full_case in process $proc$/home/brandon/miniconda3/envs/digital/bin/../share/yosys/ice40/cells_sim.v:601$185 in module SB_DFFESR.
Marked 1 switch rules as full_case in process $proc$/home/brandon/miniconda3/envs/digital/bin/../share/yosys/ice40/cells_sim.v:527$182 in module SB_DFFS.
Marked 1 switch rules as full_case in process $proc$/home/brandon/miniconda3/envs/digital/bin/../share/yosys/ice40/cells_sim.v:477$179 in module SB_DFFSS.
Marked 1 switch rules as full_case in process $proc$/home/brandon/miniconda3/envs/digital/bin/../share/yosys/ice40/cells_sim.v:406$176 in module SB_DFFR.
Marked 1 switch rules as full_case in process $proc$/home/brandon/miniconda3/envs/digital/bin/../share/yosys/ice40/cells_sim.v:356$173 in module SB_DFFSR.
Marked 1 switch rules as full_case in process $proc$./freqDiv.v:20$455 in module $paramod$91ec1c5dbd44b87e4dc5467dd1e28f606bf2604e\freqDiv.
Marked 1 switch rules as full_case in process $proc$top.v:219$453 in module top.
Marked 4 switch rules as full_case in process $proc$top.v:140$399 in module top.
Marked 1 switch rules as full_case in process $proc$top.v:116$386 in module top.
Marked 1 switch rules as full_case in process $proc$top.v:108$385 in module top.
Removed a total of 0 dead cases.

2.4.3. Executing PROC_PRUNE pass (remove redundant assignments in processes).
Removed 12 redundant assignments.
Promoted 46 assignments to connections.

2.4.4. Executing PROC_INIT pass (extract init attributes).
Found init rule in `\SB_DFFNES.$proc$/home/brandon/miniconda3/envs/digital/bin/../share/yosys/ice40/cells_sim.v:0$244'.
  Set init value: \Q = 1'0
Found init rule in `\SB_DFFNESS.$proc$/home/brandon/miniconda3/envs/digital/bin/../share/yosys/ice40/cells_sim.v:0$240'.
  Set init value: \Q = 1'0
Found init rule in `\SB_DFFNER.$proc$/home/brandon/miniconda3/envs/digital/bin/../share/yosys/ice40/cells_sim.v:0$233'.
  Set init value: \Q = 1'0
Found init rule in `\SB_DFFNESR.$proc$/home/brandon/miniconda3/envs/digital/bin/../share/yosys/ice40/cells_sim.v:0$229'.
  Set init value: \Q = 1'0
Found init rule in `\SB_DFFNS.$proc$/home/brandon/miniconda3/envs/digital/bin/../share/yosys/ice40/cells_sim.v:0$222'.
  Set init value: \Q = 1'0
Found init rule in `\SB_DFFNSS.$proc$/home/brandon/miniconda3/envs/digital/bin/../share/yosys/ice40/cells_sim.v:0$219'.
  Set init value: \Q = 1'0
Found init rule in `\SB_DFFNR.$proc$/home/brandon/miniconda3/envs/digital/bin/../share/yosys/ice40/cells_sim.v:0$216'.
  Set init value: \Q = 1'0
Found init rule in `\SB_DFFNSR.$proc$/home/brandon/miniconda3/envs/digital/bin/../share/yosys/ice40/cells_sim.v:0$213'.
  Set init value: \Q = 1'0
Found init rule in `\SB_DFFNE.$proc$/home/brandon/miniconda3/envs/digital/bin/../share/yosys/ice40/cells_sim.v:0$210'.
  Set init value: \Q = 1'0
Found init rule in `\SB_DFFN.$proc$/home/brandon/miniconda3/envs/digital/bin/../share/yosys/ice40/cells_sim.v:0$208'.
  Set init value: \Q = 1'0
Found init rule in `\SB_DFFES.$proc$/home/brandon/miniconda3/envs/digital/bin/../share/yosys/ice40/cells_sim.v:0$206'.
  Set init value: \Q = 1'0
Found init rule in `\SB_DFFESS.$proc$/home/brandon/miniconda3/envs/digital/bin/../share/yosys/ice40/cells_sim.v:0$202'.
  Set init value: \Q = 1'0
Found init rule in `\SB_DFFER.$proc$/home/brandon/miniconda3/envs/digital/bin/../share/yosys/ice40/cells_sim.v:0$195'.
  Set init value: \Q = 1'0
Found init rule in `\SB_DFFESR.$proc$/home/brandon/miniconda3/envs/digital/bin/../share/yosys/ice40/cells_sim.v:0$191'.
  Set init value: \Q = 1'0
Found init rule in `\SB_DFFS.$proc$/home/brandon/miniconda3/envs/digital/bin/../share/yosys/ice40/cells_sim.v:0$184'.
  Set init value: \Q = 1'0
Found init rule in `\SB_DFFSS.$proc$/home/brandon/miniconda3/envs/digital/bin/../share/yosys/ice40/cells_sim.v:0$181'.
  Set init value: \Q = 1'0
Found init rule in `\SB_DFFR.$proc$/home/brandon/miniconda3/envs/digital/bin/../share/yosys/ice40/cells_sim.v:0$178'.
  Set init value: \Q = 1'0
Found init rule in `\SB_DFFSR.$proc$/home/brandon/miniconda3/envs/digital/bin/../share/yosys/ice40/cells_sim.v:0$175'.
  Set init value: \Q = 1'0
Found init rule in `\SB_DFFE.$proc$/home/brandon/miniconda3/envs/digital/bin/../share/yosys/ice40/cells_sim.v:0$172'.
  Set init value: \Q = 1'0
Found init rule in `\SB_DFF.$proc$/home/brandon/miniconda3/envs/digital/bin/../share/yosys/ice40/cells_sim.v:0$170'.
  Set init value: \Q = 1'0
Found init rule in `$paramod$91ec1c5dbd44b87e4dc5467dd1e28f606bf2604e\freqDiv.$proc$./freqDiv.v:17$460'.
  Set init value: \count = 4'0000
Found init rule in `$paramod$91ec1c5dbd44b87e4dc5467dd1e28f606bf2604e\freqDiv.$proc$./freqDiv.v:0$459'.
  Set init value: \CLK_OUT = 1'0
Found init rule in `\top.$proc$top.v:0$454'.
  Set init value: \humidity = 16'0000000000000000
  Set init value: \temperature = 16'0000000000000000
  Set init value: \valid = 1'0
  Set init value: \fsm_state = 3'000
  Set init value: \shift_reg = 40'0000000000000000000000000000000000000000
  Set init value: \bit_count = 6'000000
  Set init value: \timer_init = 15'000000000000000
  Set init value: \timer_start_up = 5'00000
  Set init value: \timer_start_down = 15'000000000000000
  Set init value: \timer_response = 8'00000000
  Set init value: \timer_wait_data = 6'000000
  Set init value: \timer_bits = 7'0000000
  Set init value: \bit_done = 1'0
  Set init value: \dht11_out = 1'1

2.4.5. Executing PROC_ARST pass (detect async resets in processes).
Found async reset \S in `\SB_DFFNES.$proc$/home/brandon/miniconda3/envs/digital/bin/../share/yosys/ice40/cells_sim.v:1414$241'.
Found async reset \R in `\SB_DFFNER.$proc$/home/brandon/miniconda3/envs/digital/bin/../share/yosys/ice40/cells_sim.v:1273$230'.
Found async reset \S in `\SB_DFFNS.$proc$/home/brandon/miniconda3/envs/digital/bin/../share/yosys/ice40/cells_sim.v:1138$220'.
Found async reset \R in `\SB_DFFNR.$proc$/home/brandon/miniconda3/envs/digital/bin/../share/yosys/ice40/cells_sim.v:1017$214'.
Found async reset \S in `\SB_DFFES.$proc$/home/brandon/miniconda3/envs/digital/bin/../share/yosys/ice40/cells_sim.v:803$203'.
Found async reset \R in `\SB_DFFER.$proc$/home/brandon/miniconda3/envs/digital/bin/../share/yosys/ice40/cells_sim.v:662$192'.
Found async reset \S in `\SB_DFFS.$proc$/home/brandon/miniconda3/envs/digital/bin/../share/yosys/ice40/cells_sim.v:527$182'.
Found async reset \R in `\SB_DFFR.$proc$/home/brandon/miniconda3/envs/digital/bin/../share/yosys/ice40/cells_sim.v:406$176'.

2.4.6. Executing PROC_ROM pass (convert switches to ROMs).
Converted 0 switches.

2.4.7. Executing PROC_MUX pass (convert decision trees to multiplexers).
Creating decoders for process `\SB_DFFNES.$proc$/home/brandon/miniconda3/envs/digital/bin/../share/yosys/ice40/cells_sim.v:0$244'.
Creating decoders for process `\SB_DFFNES.$proc$/home/brandon/miniconda3/envs/digital/bin/../share/yosys/ice40/cells_sim.v:1414$241'.
     1/1: $0\Q[0:0]
Creating decoders for process `\SB_DFFNESS.$proc$/home/brandon/miniconda3/envs/digital/bin/../share/yosys/ice40/cells_sim.v:0$240'.
Creating decoders for process `\SB_DFFNESS.$proc$/home/brandon/miniconda3/envs/digital/bin/../share/yosys/ice40/cells_sim.v:1353$234'.
     1/1: $0\Q[0:0]
Creating decoders for process `\SB_DFFNER.$proc$/home/brandon/miniconda3/envs/digital/bin/../share/yosys/ice40/cells_sim.v:0$233'.
Creating decoders for process `\SB_DFFNER.$proc$/home/brandon/miniconda3/envs/digital/bin/../share/yosys/ice40/cells_sim.v:1273$230'.
     1/1: $0\Q[0:0]
Creating decoders for process `\SB_DFFNESR.$proc$/home/brandon/miniconda3/envs/digital/bin/../share/yosys/ice40/cells_sim.v:0$229'.
Creating decoders for process `\SB_DFFNESR.$proc$/home/brandon/miniconda3/envs/digital/bin/../share/yosys/ice40/cells_sim.v:1212$223'.
     1/1: $0\Q[0:0]
Creating decoders for process `\SB_DFFNS.$proc$/home/brandon/miniconda3/envs/digital/bin/../share/yosys/ice40/cells_sim.v:0$222'.
Creating decoders for process `\SB_DFFNS.$proc$/home/brandon/miniconda3/envs/digital/bin/../share/yosys/ice40/cells_sim.v:1138$220'.
     1/1: $0\Q[0:0]
Creating decoders for process `\SB_DFFNSS.$proc$/home/brandon/miniconda3/envs/digital/bin/../share/yosys/ice40/cells_sim.v:0$219'.
Creating decoders for process `\SB_DFFNSS.$proc$/home/brandon/miniconda3/envs/digital/bin/../share/yosys/ice40/cells_sim.v:1088$217'.
     1/1: $0\Q[0:0]
Creating decoders for process `\SB_DFFNR.$proc$/home/brandon/miniconda3/envs/digital/bin/../share/yosys/ice40/cells_sim.v:0$216'.
Creating decoders for process `\SB_DFFNR.$proc$/home/brandon/miniconda3/envs/digital/bin/../share/yosys/ice40/cells_sim.v:1017$214'.
     1/1: $0\Q[0:0]
Creating decoders for process `\SB_DFFNSR.$proc$/home/brandon/miniconda3/envs/digital/bin/../share/yosys/ice40/cells_sim.v:0$213'.
Creating decoders for process `\SB_DFFNSR.$proc$/home/brandon/miniconda3/envs/digital/bin/../share/yosys/ice40/cells_sim.v:967$211'.
     1/1: $0\Q[0:0]
Creating decoders for process `\SB_DFFNE.$proc$/home/brandon/miniconda3/envs/digital/bin/../share/yosys/ice40/cells_sim.v:0$210'.
Creating decoders for process `\SB_DFFNE.$proc$/home/brandon/miniconda3/envs/digital/bin/../share/yosys/ice40/cells_sim.v:922$209'.
     1/1: $0\Q[0:0]
Creating decoders for process `\SB_DFFN.$proc$/home/brandon/miniconda3/envs/digital/bin/../share/yosys/ice40/cells_sim.v:0$208'.
Creating decoders for process `\SB_DFFN.$proc$/home/brandon/miniconda3/envs/digital/bin/../share/yosys/ice40/cells_sim.v:882$207'.
Creating decoders for process `\SB_DFFES.$proc$/home/brandon/miniconda3/envs/digital/bin/../share/yosys/ice40/cells_sim.v:0$206'.
Creating decoders for process `\SB_DFFES.$proc$/home/brandon/miniconda3/envs/digital/bin/../share/yosys/ice40/cells_sim.v:803$203'.
     1/1: $0\Q[0:0]
Creating decoders for process `\SB_DFFESS.$proc$/home/brandon/miniconda3/envs/digital/bin/../share/yosys/ice40/cells_sim.v:0$202'.
Creating decoders for process `\SB_DFFESS.$proc$/home/brandon/miniconda3/envs/digital/bin/../share/yosys/ice40/cells_sim.v:742$196'.
     1/1: $0\Q[0:0]
Creating decoders for process `\SB_DFFER.$proc$/home/brandon/miniconda3/envs/digital/bin/../share/yosys/ice40/cells_sim.v:0$195'.
Creating decoders for process `\SB_DFFER.$proc$/home/brandon/miniconda3/envs/digital/bin/../share/yosys/ice40/cells_sim.v:662$192'.
     1/1: $0\Q[0:0]
Creating decoders for process `\SB_DFFESR.$proc$/home/brandon/miniconda3/envs/digital/bin/../share/yosys/ice40/cells_sim.v:0$191'.
Creating decoders for process `\SB_DFFESR.$proc$/home/brandon/miniconda3/envs/digital/bin/../share/yosys/ice40/cells_sim.v:601$185'.
     1/1: $0\Q[0:0]
Creating decoders for process `\SB_DFFS.$proc$/home/brandon/miniconda3/envs/digital/bin/../share/yosys/ice40/cells_sim.v:0$184'.
Creating decoders for process `\SB_DFFS.$proc$/home/brandon/miniconda3/envs/digital/bin/../share/yosys/ice40/cells_sim.v:527$182'.
     1/1: $0\Q[0:0]
Creating decoders for process `\SB_DFFSS.$proc$/home/brandon/miniconda3/envs/digital/bin/../share/yosys/ice40/cells_sim.v:0$181'.
Creating decoders for process `\SB_DFFSS.$proc$/home/brandon/miniconda3/envs/digital/bin/../share/yosys/ice40/cells_sim.v:477$179'.
     1/1: $0\Q[0:0]
Creating decoders for process `\SB_DFFR.$proc$/home/brandon/miniconda3/envs/digital/bin/../share/yosys/ice40/cells_sim.v:0$178'.
Creating decoders for process `\SB_DFFR.$proc$/home/brandon/miniconda3/envs/digital/bin/../share/yosys/ice40/cells_sim.v:406$176'.
     1/1: $0\Q[0:0]
Creating decoders for process `\SB_DFFSR.$proc$/home/brandon/miniconda3/envs/digital/bin/../share/yosys/ice40/cells_sim.v:0$175'.
Creating decoders for process `\SB_DFFSR.$proc$/home/brandon/miniconda3/envs/digital/bin/../share/yosys/ice40/cells_sim.v:356$173'.
     1/1: $0\Q[0:0]
Creating decoders for process `\SB_DFFE.$proc$/home/brandon/miniconda3/envs/digital/bin/../share/yosys/ice40/cells_sim.v:0$172'.
Creating decoders for process `\SB_DFFE.$proc$/home/brandon/miniconda3/envs/digital/bin/../share/yosys/ice40/cells_sim.v:311$171'.
     1/1: $0\Q[0:0]
Creating decoders for process `\SB_DFF.$proc$/home/brandon/miniconda3/envs/digital/bin/../share/yosys/ice40/cells_sim.v:0$170'.
Creating decoders for process `\SB_DFF.$proc$/home/brandon/miniconda3/envs/digital/bin/../share/yosys/ice40/cells_sim.v:271$169'.
Creating decoders for process `$paramod$91ec1c5dbd44b87e4dc5467dd1e28f606bf2604e\freqDiv.$proc$./freqDiv.v:17$460'.
Creating decoders for process `$paramod$91ec1c5dbd44b87e4dc5467dd1e28f606bf2604e\freqDiv.$proc$./freqDiv.v:0$459'.
Creating decoders for process `$paramod$91ec1c5dbd44b87e4dc5467dd1e28f606bf2604e\freqDiv.$proc$./freqDiv.v:20$455'.
     1/2: $0\count[3:0]
     2/2: $0\CLK_OUT[0:0]
Creating decoders for process `\top.$proc$top.v:0$454'.
Creating decoders for process `\top.$proc$top.v:219$453'.
     1/2: $0\temperature[15:0]
     2/2: $0\humidity[15:0]
Creating decoders for process `\top.$proc$top.v:140$399'.
     1/33: $4$lookahead\shift_reg$398[39:0]$428
     2/33: $4$bitselwrite$data$top.v:177$382[39:0]$426
     3/33: $4$bitselwrite$mask$top.v:177$381[39:0]$425
     4/33: $4$bitselwrite$sel$top.v:177$383[5:0]$427
     5/33: $3$lookahead\shift_reg$398[39:0]$420
     6/33: $3$bitselwrite$sel$top.v:177$383[5:0]$419
     7/33: $3$bitselwrite$data$top.v:177$382[39:0]$418
     8/33: $3$bitselwrite$mask$top.v:177$381[39:0]$417
     9/33: $2$lookahead\shift_reg$398[39:0]$411
    10/33: $2$bitselwrite$sel$top.v:177$383[5:0]$410
    11/33: $2$bitselwrite$data$top.v:177$382[39:0]$409
    12/33: $2$bitselwrite$mask$top.v:177$381[39:0]$408
    13/33: $1$lookahead\shift_reg$398[39:0]$407
    14/33: $1$bitselwrite$sel$top.v:177$383[5:0]$406
    15/33: $1$bitselwrite$data$top.v:177$382[39:0]$405
    16/33: $1$bitselwrite$mask$top.v:177$381[39:0]$404
    17/33: $0\dht11_out[0:0]
    18/33: $0\checksum[7:0]
    19/33: $0\sum_reg5[7:0]
    20/33: $0\sum_reg4[7:0]
    21/33: $0\sum_reg3[7:0]
    22/33: $0\sum_reg2[7:0]
    23/33: $0\sum_reg1[7:0]
    24/33: $0\sum_reg[7:0]
    25/33: $0\bit_done[0:0]
    26/33: $0\timer_bits[6:0]
    27/33: $0\timer_wait_data[5:0]
    28/33: $0\timer_response[7:0]
    29/33: $0\timer_start_down[14:0]
    30/33: $0\timer_start_up[4:0]
    31/33: $0\timer_init[14:0]
    32/33: $0\bit_count[5:0]
    33/33: $0\valid[0:0]
Creating decoders for process `\top.$proc$top.v:116$386'.
     1/1: $1\next_state[2:0]
Creating decoders for process `\top.$proc$top.v:108$385'.
     1/1: $0\fsm_state[2:0]

2.4.8. Executing PROC_DLATCH pass (convert process syncs to latches).
No latch inferred for signal `\top.\count_clk50' from process `\top.$proc$top.v:0$454'.
No latch inferred for signal `\top.\clk_50M' from process `\top.$proc$top.v:0$454'.
No latch inferred for signal `\top.\next_state' from process `\top.$proc$top.v:116$386'.

2.4.9. Executing PROC_DFF pass (convert process syncs to FFs).
Creating register for signal `\SB_DFFNES.\Q' using process `\SB_DFFNES.$proc$/home/brandon/miniconda3/envs/digital/bin/../share/yosys/ice40/cells_sim.v:1414$241'.
  created $adff cell `$procdff$787' with negative edge clock and positive level reset.
Creating register for signal `\SB_DFFNESS.\Q' using process `\SB_DFFNESS.$proc$/home/brandon/miniconda3/envs/digital/bin/../share/yosys/ice40/cells_sim.v:1353$234'.
  created $dff cell `$procdff$788' with negative edge clock.
Creating register for signal `\SB_DFFNER.\Q' using process `\SB_DFFNER.$proc$/home/brandon/miniconda3/envs/digital/bin/../share/yosys/ice40/cells_sim.v:1273$230'.
  created $adff cell `$procdff$789' with negative edge clock and positive level reset.
Creating register for signal `\SB_DFFNESR.\Q' using process `\SB_DFFNESR.$proc$/home/brandon/miniconda3/envs/digital/bin/../share/yosys/ice40/cells_sim.v:1212$223'.
  created $dff cell `$procdff$790' with negative edge clock.
Creating register for signal `\SB_DFFNS.\Q' using process `\SB_DFFNS.$proc$/home/brandon/miniconda3/envs/digital/bin/../share/yosys/ice40/cells_sim.v:1138$220'.
  created $adff cell `$procdff$791' with negative edge clock and positive level reset.
Creating register for signal `\SB_DFFNSS.\Q' using process `\SB_DFFNSS.$proc$/home/brandon/miniconda3/envs/digital/bin/../share/yosys/ice40/cells_sim.v:1088$217'.
  created $dff cell `$procdff$792' with negative edge clock.
Creating register for signal `\SB_DFFNR.\Q' using process `\SB_DFFNR.$proc$/home/brandon/miniconda3/envs/digital/bin/../share/yosys/ice40/cells_sim.v:1017$214'.
  created $adff cell `$procdff$793' with negative edge clock and positive level reset.
Creating register for signal `\SB_DFFNSR.\Q' using process `\SB_DFFNSR.$proc$/home/brandon/miniconda3/envs/digital/bin/../share/yosys/ice40/cells_sim.v:967$211'.
  created $dff cell `$procdff$794' with negative edge clock.
Creating register for signal `\SB_DFFNE.\Q' using process `\SB_DFFNE.$proc$/home/brandon/miniconda3/envs/digital/bin/../share/yosys/ice40/cells_sim.v:922$209'.
  created $dff cell `$procdff$795' with negative edge clock.
Creating register for signal `\SB_DFFN.\Q' using process `\SB_DFFN.$proc$/home/brandon/miniconda3/envs/digital/bin/../share/yosys/ice40/cells_sim.v:882$207'.
  created $dff cell `$procdff$796' with negative edge clock.
Creating register for signal `\SB_DFFES.\Q' using process `\SB_DFFES.$proc$/home/brandon/miniconda3/envs/digital/bin/../share/yosys/ice40/cells_sim.v:803$203'.
  created $adff cell `$procdff$797' with positive edge clock and positive level reset.
Creating register for signal `\SB_DFFESS.\Q' using process `\SB_DFFESS.$proc$/home/brandon/miniconda3/envs/digital/bin/../share/yosys/ice40/cells_sim.v:742$196'.
  created $dff cell `$procdff$798' with positive edge clock.
Creating register for signal `\SB_DFFER.\Q' using process `\SB_DFFER.$proc$/home/brandon/miniconda3/envs/digital/bin/../share/yosys/ice40/cells_sim.v:662$192'.
  created $adff cell `$procdff$799' with positive edge clock and positive level reset.
Creating register for signal `\SB_DFFESR.\Q' using process `\SB_DFFESR.$proc$/home/brandon/miniconda3/envs/digital/bin/../share/yosys/ice40/cells_sim.v:601$185'.
  created $dff cell `$procdff$800' with positive edge clock.
Creating register for signal `\SB_DFFS.\Q' using process `\SB_DFFS.$proc$/home/brandon/miniconda3/envs/digital/bin/../share/yosys/ice40/cells_sim.v:527$182'.
  created $adff cell `$procdff$801' with positive edge clock and positive level reset.
Creating register for signal `\SB_DFFSS.\Q' using process `\SB_DFFSS.$proc$/home/brandon/miniconda3/envs/digital/bin/../share/yosys/ice40/cells_sim.v:477$179'.
  created $dff cell `$procdff$802' with positive edge clock.
Creating register for signal `\SB_DFFR.\Q' using process `\SB_DFFR.$proc$/home/brandon/miniconda3/envs/digital/bin/../share/yosys/ice40/cells_sim.v:406$176'.
  created $adff cell `$procdff$803' with positive edge clock and positive level reset.
Creating register for signal `\SB_DFFSR.\Q' using process `\SB_DFFSR.$proc$/home/brandon/miniconda3/envs/digital/bin/../share/yosys/ice40/cells_sim.v:356$173'.
  created $dff cell `$procdff$804' with positive edge clock.
Creating register for signal `\SB_DFFE.\Q' using process `\SB_DFFE.$proc$/home/brandon/miniconda3/envs/digital/bin/../share/yosys/ice40/cells_sim.v:311$171'.
  created $dff cell `$procdff$805' with positive edge clock.
Creating register for signal `\SB_DFF.\Q' using process `\SB_DFF.$proc$/home/brandon/miniconda3/envs/digital/bin/../share/yosys/ice40/cells_sim.v:271$169'.
  created $dff cell `$procdff$806' with positive edge clock.
Creating register for signal `$paramod$91ec1c5dbd44b87e4dc5467dd1e28f606bf2604e\freqDiv.\CLK_OUT' using process `$paramod$91ec1c5dbd44b87e4dc5467dd1e28f606bf2604e\freqDiv.$proc$./freqDiv.v:20$455'.
  created $dff cell `$procdff$807' with positive edge clock.
Creating register for signal `$paramod$91ec1c5dbd44b87e4dc5467dd1e28f606bf2604e\freqDiv.\count' using process `$paramod$91ec1c5dbd44b87e4dc5467dd1e28f606bf2604e\freqDiv.$proc$./freqDiv.v:20$455'.
  created $dff cell `$procdff$808' with positive edge clock.
Creating register for signal `\top.\humidity' using process `\top.$proc$top.v:219$453'.
  created $dff cell `$procdff$809' with positive edge clock.
Creating register for signal `\top.\temperature' using process `\top.$proc$top.v:219$453'.
  created $dff cell `$procdff$810' with positive edge clock.
Creating register for signal `\top.\valid' using process `\top.$proc$top.v:140$399'.
  created $dff cell `$procdff$811' with positive edge clock.
Creating register for signal `\top.\shift_reg' using process `\top.$proc$top.v:140$399'.
  created $dff cell `$procdff$812' with positive edge clock.
Creating register for signal `\top.\bit_count' using process `\top.$proc$top.v:140$399'.
  created $dff cell `$procdff$813' with positive edge clock.
Creating register for signal `\top.\timer_init' using process `\top.$proc$top.v:140$399'.
  created $dff cell `$procdff$814' with positive edge clock.
Creating register for signal `\top.\timer_start_up' using process `\top.$proc$top.v:140$399'.
  created $dff cell `$procdff$815' with positive edge clock.
Creating register for signal `\top.\timer_start_down' using process `\top.$proc$top.v:140$399'.
  created $dff cell `$procdff$816' with positive edge clock.
Creating register for signal `\top.\timer_response' using process `\top.$proc$top.v:140$399'.
  created $dff cell `$procdff$817' with positive edge clock.
Creating register for signal `\top.\timer_wait_data' using process `\top.$proc$top.v:140$399'.
  created $dff cell `$procdff$818' with positive edge clock.
Creating register for signal `\top.\timer_bits' using process `\top.$proc$top.v:140$399'.
  created $dff cell `$procdff$819' with positive edge clock.
Creating register for signal `\top.\bit_done' using process `\top.$proc$top.v:140$399'.
  created $dff cell `$procdff$820' with positive edge clock.
Creating register for signal `\top.\sum_reg' using process `\top.$proc$top.v:140$399'.
  created $dff cell `$procdff$821' with positive edge clock.
Creating register for signal `\top.\sum_reg1' using process `\top.$proc$top.v:140$399'.
  created $dff cell `$procdff$822' with positive edge clock.
Creating register for signal `\top.\sum_reg2' using process `\top.$proc$top.v:140$399'.
  created $dff cell `$procdff$823' with positive edge clock.
Creating register for signal `\top.\sum_reg3' using process `\top.$proc$top.v:140$399'.
  created $dff cell `$procdff$824' with positive edge clock.
Creating register for signal `\top.\sum_reg4' using process `\top.$proc$top.v:140$399'.
  created $dff cell `$procdff$825' with positive edge clock.
Creating register for signal `\top.\sum_reg5' using process `\top.$proc$top.v:140$399'.
  created $dff cell `$procdff$826' with positive edge clock.
Creating register for signal `\top.\checksum' using process `\top.$proc$top.v:140$399'.
  created $dff cell `$procdff$827' with positive edge clock.
Creating register for signal `\top.\dht11_out' using process `\top.$proc$top.v:140$399'.
  created $dff cell `$procdff$828' with positive edge clock.
Creating register for signal `\top.$bitselwrite$mask$top.v:177$381' using process `\top.$proc$top.v:140$399'.
  created $dff cell `$procdff$829' with positive edge clock.
Creating register for signal `\top.$bitselwrite$data$top.v:177$382' using process `\top.$proc$top.v:140$399'.
  created $dff cell `$procdff$830' with positive edge clock.
Creating register for signal `\top.$bitselwrite$sel$top.v:177$383' using process `\top.$proc$top.v:140$399'.
  created $dff cell `$procdff$831' with positive edge clock.
Creating register for signal `\top.$lookahead\shift_reg$398' using process `\top.$proc$top.v:140$399'.
  created $dff cell `$procdff$832' with positive edge clock.
Creating register for signal `\top.\fsm_state' using process `\top.$proc$top.v:108$385'.
  created $dff cell `$procdff$833' with positive edge clock.

2.4.10. Executing PROC_MEMWR pass (convert process memory writes to cells).

2.4.11. Executing PROC_CLEAN pass (remove empty switches from decision trees).
Removing empty process `SB_DFFNES.$proc$/home/brandon/miniconda3/envs/digital/bin/../share/yosys/ice40/cells_sim.v:0$244'.
Found and cleaned up 1 empty switch in `\SB_DFFNES.$proc$/home/brandon/miniconda3/envs/digital/bin/../share/yosys/ice40/cells_sim.v:1414$241'.
Removing empty process `SB_DFFNES.$proc$/home/brandon/miniconda3/envs/digital/bin/../share/yosys/ice40/cells_sim.v:1414$241'.
Removing empty process `SB_DFFNESS.$proc$/home/brandon/miniconda3/envs/digital/bin/../share/yosys/ice40/cells_sim.v:0$240'.
Found and cleaned up 2 empty switches in `\SB_DFFNESS.$proc$/home/brandon/miniconda3/envs/digital/bin/../share/yosys/ice40/cells_sim.v:1353$234'.
Removing empty process `SB_DFFNESS.$proc$/home/brandon/miniconda3/envs/digital/bin/../share/yosys/ice40/cells_sim.v:1353$234'.
Removing empty process `SB_DFFNER.$proc$/home/brandon/miniconda3/envs/digital/bin/../share/yosys/ice40/cells_sim.v:0$233'.
Found and cleaned up 1 empty switch in `\SB_DFFNER.$proc$/home/brandon/miniconda3/envs/digital/bin/../share/yosys/ice40/cells_sim.v:1273$230'.
Removing empty process `SB_DFFNER.$proc$/home/brandon/miniconda3/envs/digital/bin/../share/yosys/ice40/cells_sim.v:1273$230'.
Removing empty process `SB_DFFNESR.$proc$/home/brandon/miniconda3/envs/digital/bin/../share/yosys/ice40/cells_sim.v:0$229'.
Found and cleaned up 2 empty switches in `\SB_DFFNESR.$proc$/home/brandon/miniconda3/envs/digital/bin/../share/yosys/ice40/cells_sim.v:1212$223'.
Removing empty process `SB_DFFNESR.$proc$/home/brandon/miniconda3/envs/digital/bin/../share/yosys/ice40/cells_sim.v:1212$223'.
Removing empty process `SB_DFFNS.$proc$/home/brandon/miniconda3/envs/digital/bin/../share/yosys/ice40/cells_sim.v:0$222'.
Removing empty process `SB_DFFNS.$proc$/home/brandon/miniconda3/envs/digital/bin/../share/yosys/ice40/cells_sim.v:1138$220'.
Removing empty process `SB_DFFNSS.$proc$/home/brandon/miniconda3/envs/digital/bin/../share/yosys/ice40/cells_sim.v:0$219'.
Found and cleaned up 1 empty switch in `\SB_DFFNSS.$proc$/home/brandon/miniconda3/envs/digital/bin/../share/yosys/ice40/cells_sim.v:1088$217'.
Removing empty process `SB_DFFNSS.$proc$/home/brandon/miniconda3/envs/digital/bin/../share/yosys/ice40/cells_sim.v:1088$217'.
Removing empty process `SB_DFFNR.$proc$/home/brandon/miniconda3/envs/digital/bin/../share/yosys/ice40/cells_sim.v:0$216'.
Removing empty process `SB_DFFNR.$proc$/home/brandon/miniconda3/envs/digital/bin/../share/yosys/ice40/cells_sim.v:1017$214'.
Removing empty process `SB_DFFNSR.$proc$/home/brandon/miniconda3/envs/digital/bin/../share/yosys/ice40/cells_sim.v:0$213'.
Found and cleaned up 1 empty switch in `\SB_DFFNSR.$proc$/home/brandon/miniconda3/envs/digital/bin/../share/yosys/ice40/cells_sim.v:967$211'.
Removing empty process `SB_DFFNSR.$proc$/home/brandon/miniconda3/envs/digital/bin/../share/yosys/ice40/cells_sim.v:967$211'.
Removing empty process `SB_DFFNE.$proc$/home/brandon/miniconda3/envs/digital/bin/../share/yosys/ice40/cells_sim.v:0$210'.
Found and cleaned up 1 empty switch in `\SB_DFFNE.$proc$/home/brandon/miniconda3/envs/digital/bin/../share/yosys/ice40/cells_sim.v:922$209'.
Removing empty process `SB_DFFNE.$proc$/home/brandon/miniconda3/envs/digital/bin/../share/yosys/ice40/cells_sim.v:922$209'.
Removing empty process `SB_DFFN.$proc$/home/brandon/miniconda3/envs/digital/bin/../share/yosys/ice40/cells_sim.v:0$208'.
Removing empty process `SB_DFFN.$proc$/home/brandon/miniconda3/envs/digital/bin/../share/yosys/ice40/cells_sim.v:882$207'.
Removing empty process `SB_DFFES.$proc$/home/brandon/miniconda3/envs/digital/bin/../share/yosys/ice40/cells_sim.v:0$206'.
Found and cleaned up 1 empty switch in `\SB_DFFES.$proc$/home/brandon/miniconda3/envs/digital/bin/../share/yosys/ice40/cells_sim.v:803$203'.
Removing empty process `SB_DFFES.$proc$/home/brandon/miniconda3/envs/digital/bin/../share/yosys/ice40/cells_sim.v:803$203'.
Removing empty process `SB_DFFESS.$proc$/home/brandon/miniconda3/envs/digital/bin/../share/yosys/ice40/cells_sim.v:0$202'.
Found and cleaned up 2 empty switches in `\SB_DFFESS.$proc$/home/brandon/miniconda3/envs/digital/bin/../share/yosys/ice40/cells_sim.v:742$196'.
Removing empty process `SB_DFFESS.$proc$/home/brandon/miniconda3/envs/digital/bin/../share/yosys/ice40/cells_sim.v:742$196'.
Removing empty process `SB_DFFER.$proc$/home/brandon/miniconda3/envs/digital/bin/../share/yosys/ice40/cells_sim.v:0$195'.
Found and cleaned up 1 empty switch in `\SB_DFFER.$proc$/home/brandon/miniconda3/envs/digital/bin/../share/yosys/ice40/cells_sim.v:662$192'.
Removing empty process `SB_DFFER.$proc$/home/brandon/miniconda3/envs/digital/bin/../share/yosys/ice40/cells_sim.v:662$192'.
Removing empty process `SB_DFFESR.$proc$/home/brandon/miniconda3/envs/digital/bin/../share/yosys/ice40/cells_sim.v:0$191'.
Found and cleaned up 2 empty switches in `\SB_DFFESR.$proc$/home/brandon/miniconda3/envs/digital/bin/../share/yosys/ice40/cells_sim.v:601$185'.
Removing empty process `SB_DFFESR.$proc$/home/brandon/miniconda3/envs/digital/bin/../share/yosys/ice40/cells_sim.v:601$185'.
Removing empty process `SB_DFFS.$proc$/home/brandon/miniconda3/envs/digital/bin/../share/yosys/ice40/cells_sim.v:0$184'.
Removing empty process `SB_DFFS.$proc$/home/brandon/miniconda3/envs/digital/bin/../share/yosys/ice40/cells_sim.v:527$182'.
Removing empty process `SB_DFFSS.$proc$/home/brandon/miniconda3/envs/digital/bin/../share/yosys/ice40/cells_sim.v:0$181'.
Found and cleaned up 1 empty switch in `\SB_DFFSS.$proc$/home/brandon/miniconda3/envs/digital/bin/../share/yosys/ice40/cells_sim.v:477$179'.
Removing empty process `SB_DFFSS.$proc$/home/brandon/miniconda3/envs/digital/bin/../share/yosys/ice40/cells_sim.v:477$179'.
Removing empty process `SB_DFFR.$proc$/home/brandon/miniconda3/envs/digital/bin/../share/yosys/ice40/cells_sim.v:0$178'.
Removing empty process `SB_DFFR.$proc$/home/brandon/miniconda3/envs/digital/bin/../share/yosys/ice40/cells_sim.v:406$176'.
Removing empty process `SB_DFFSR.$proc$/home/brandon/miniconda3/envs/digital/bin/../share/yosys/ice40/cells_sim.v:0$175'.
Found and cleaned up 1 empty switch in `\SB_DFFSR.$proc$/home/brandon/miniconda3/envs/digital/bin/../share/yosys/ice40/cells_sim.v:356$173'.
Removing empty process `SB_DFFSR.$proc$/home/brandon/miniconda3/envs/digital/bin/../share/yosys/ice40/cells_sim.v:356$173'.
Removing empty process `SB_DFFE.$proc$/home/brandon/miniconda3/envs/digital/bin/../share/yosys/ice40/cells_sim.v:0$172'.
Found and cleaned up 1 empty switch in `\SB_DFFE.$proc$/home/brandon/miniconda3/envs/digital/bin/../share/yosys/ice40/cells_sim.v:311$171'.
Removing empty process `SB_DFFE.$proc$/home/brandon/miniconda3/envs/digital/bin/../share/yosys/ice40/cells_sim.v:311$171'.
Removing empty process `SB_DFF.$proc$/home/brandon/miniconda3/envs/digital/bin/../share/yosys/ice40/cells_sim.v:0$170'.
Removing empty process `SB_DFF.$proc$/home/brandon/miniconda3/envs/digital/bin/../share/yosys/ice40/cells_sim.v:271$169'.
Removing empty process `$paramod$91ec1c5dbd44b87e4dc5467dd1e28f606bf2604e\freqDiv.$proc$./freqDiv.v:17$460'.
Removing empty process `$paramod$91ec1c5dbd44b87e4dc5467dd1e28f606bf2604e\freqDiv.$proc$./freqDiv.v:0$459'.
Found and cleaned up 1 empty switch in `$paramod$91ec1c5dbd44b87e4dc5467dd1e28f606bf2604e\freqDiv.$proc$./freqDiv.v:20$455'.
Removing empty process `$paramod$91ec1c5dbd44b87e4dc5467dd1e28f606bf2604e\freqDiv.$proc$./freqDiv.v:20$455'.
Removing empty process `top.$proc$top.v:0$454'.
Found and cleaned up 1 empty switch in `\top.$proc$top.v:219$453'.
Removing empty process `top.$proc$top.v:219$453'.
Found and cleaned up 4 empty switches in `\top.$proc$top.v:140$399'.
Removing empty process `top.$proc$top.v:140$399'.
Found and cleaned up 1 empty switch in `\top.$proc$top.v:116$386'.
Removing empty process `top.$proc$top.v:116$386'.
Found and cleaned up 1 empty switch in `\top.$proc$top.v:108$385'.
Removing empty process `top.$proc$top.v:108$385'.
Cleaned up 26 empty switches.

2.4.12. Executing OPT_EXPR pass (perform const folding).
Optimizing module $paramod$91ec1c5dbd44b87e4dc5467dd1e28f606bf2604e\freqDiv.
Optimizing module top.

2.5. Executing FLATTEN pass (flatten design).
Deleting now unused module $paramod$91ec1c5dbd44b87e4dc5467dd1e28f606bf2604e\freqDiv.

2.6. Executing TRIBUF pass.

2.7. Executing DEMINOUT pass (demote inout ports to input or output).

2.8. Executing OPT_EXPR pass (perform const folding).
Optimizing module top.

2.9. Executing OPT_CLEAN pass (remove unused cells and wires).
Finding unused cells or wires in module \top..
Removed 82 unused cells and 206 unused wires.

2.10. Executing CHECK pass (checking for obvious problems).
Checking module top...
Found and reported 0 problems.

2.11. Executing OPT pass (performing simple optimizations).

2.11.1. Executing OPT_EXPR pass (perform const folding).
Optimizing module top.

2.11.2. Executing OPT_MERGE pass (detect identical cells).
Finding identical cells in module `\top'.
Removed a total of 13 cells.

2.11.3. Executing OPT_MUXTREE pass (detect dead branches in mux trees).
Running muxtree optimizer on module \top..
  Creating internal representation of mux trees.
  Evaluating internal representation of mux trees.
  Analyzing evaluation results.
    dead port 1/2 on $mux $procmux$523.
    dead port 2/2 on $mux $procmux$525.
    dead port 1/2 on $mux $procmux$528.
    dead port 2/2 on $mux $procmux$574.
    dead port 1/2 on $mux $procmux$577.
    dead port 1/2 on $mux $procmux$614.
Removed 6 multiplexer ports.

2.11.4. Executing OPT_REDUCE pass (consolidate $*mux and $reduce_* inputs).
  Optimizing cells in module \top.
Performed a total of 0 changes.

2.11.5. Executing OPT_MERGE pass (detect identical cells).
Finding identical cells in module `\top'.
Removed a total of 0 cells.

2.11.6. Executing OPT_DFF pass (perform DFF optimizations).

2.11.7. Executing OPT_CLEAN pass (remove unused cells and wires).
Finding unused cells or wires in module \top..
Removed 0 unused cells and 19 unused wires.

2.11.8. Executing OPT_EXPR pass (perform const folding).
Optimizing module top.

2.11.9. Rerunning OPT passes. (Maybe there is more to do..)

2.11.10. Executing OPT_MUXTREE pass (detect dead branches in mux trees).
Running muxtree optimizer on module \top..
  Creating internal representation of mux trees.
  Evaluating internal representation of mux trees.
  Analyzing evaluation results.
Removed 0 multiplexer ports.

2.11.11. Executing OPT_REDUCE pass (consolidate $*mux and $reduce_* inputs).
  Optimizing cells in module \top.
Performed a total of 0 changes.

2.11.12. Executing OPT_MERGE pass (detect identical cells).
Finding identical cells in module `\top'.
Removed a total of 0 cells.

2.11.13. Executing OPT_DFF pass (perform DFF optimizations).

2.11.14. Executing OPT_CLEAN pass (remove unused cells and wires).
Finding unused cells or wires in module \top..

2.11.15. Executing OPT_EXPR pass (perform const folding).
Optimizing module top.

2.11.16. Finished OPT passes. (There is nothing left to do.)

2.12. Executing FSM pass (extract and optimize FSM).

2.12.1. Executing FSM_DETECT pass (finding FSMs in design).
Not marking top.fsm_state as FSM state register:
    Register has an initialization value.

2.12.2. Executing FSM_EXTRACT pass (extracting FSM from design).

2.12.3. Executing FSM_OPT pass (simple optimizations of FSMs).

2.12.4. Executing OPT_CLEAN pass (remove unused cells and wires).
Finding unused cells or wires in module \top..

2.12.5. Executing FSM_OPT pass (simple optimizations of FSMs).

2.12.6. Executing FSM_RECODE pass (re-assigning FSM state encoding).

2.12.7. Executing FSM_INFO pass (dumping all available information on FSM cells).

2.12.8. Executing FSM_MAP pass (mapping FSMs to basic logic).

2.13. Executing OPT pass (performing simple optimizations).

2.13.1. Executing OPT_EXPR pass (perform const folding).
Optimizing module top.

2.13.2. Executing OPT_MERGE pass (detect identical cells).
Finding identical cells in module `\top'.
Removed a total of 0 cells.

2.13.3. Executing OPT_MUXTREE pass (detect dead branches in mux trees).
Running muxtree optimizer on module \top..
  Creating internal representation of mux trees.
  Evaluating internal representation of mux trees.
  Analyzing evaluation results.
Removed 0 multiplexer ports.

2.13.4. Executing OPT_REDUCE pass (consolidate $*mux and $reduce_* inputs).
  Optimizing cells in module \top.
Performed a total of 0 changes.

2.13.5. Executing OPT_MERGE pass (detect identical cells).
Finding identical cells in module `\top'.
Removed a total of 0 cells.

2.13.6. Executing OPT_DFF pass (perform DFF optimizations).
Adding SRST signal on $procdff$833 ($dff) from module top (D = \next_state, Q = \fsm_state, rval = 3'000).
Adding SRST signal on $procdff$828 ($dff) from module top (D = $procmux$653_Y, Q = \dht11_out, rval = 1'1).
Adding EN signal on $auto$ff.cc:266:slice$835 ($sdff) from module top (D = $procmux$653_Y, Q = \dht11_out).
Adding SRST signal on $procdff$819 ($dff) from module top (D = $procmux$709_Y, Q = \timer_bits, rval = 7'0000000).
Adding EN signal on $auto$ff.cc:266:slice$839 ($sdff) from module top (D = $procmux$709_Y, Q = \timer_bits).
Adding SRST signal on $procdff$817 ($dff) from module top (D = $procmux$721_Y, Q = \timer_response, rval = 8'00000000).
Adding EN signal on $auto$ff.cc:266:slice$843 ($sdff) from module top (D = $add$top.v:168$415_Y [7:0], Q = \timer_response).
Adding SRST signal on $procdff$816 ($dff) from module top (D = $procmux$731_Y, Q = \timer_start_down, rval = 15'000000000000000).
Adding EN signal on $auto$ff.cc:266:slice$845 ($sdff) from module top (D = $add$top.v:161$413_Y [14:0], Q = \timer_start_down).
Adding SRST signal on $procdff$815 ($dff) from module top (D = $procmux$740_Y, Q = \timer_start_up, rval = 5'00000).
Adding EN signal on $auto$ff.cc:266:slice$847 ($sdff) from module top (D = $add$top.v:165$414_Y [4:0], Q = \timer_start_up).
Adding SRST signal on $procdff$814 ($dff) from module top (D = $procmux$751_Y, Q = \timer_init, rval = 15'000000000000000).
Adding EN signal on $auto$ff.cc:266:slice$849 ($sdff) from module top (D = $add$top.v:157$412_Y [14:0], Q = \timer_init).
Adding SRST signal on $procdff$813 ($dff) from module top (D = $procmux$757_Y, Q = \bit_count, rval = 6'000000).
Adding EN signal on $auto$ff.cc:266:slice$851 ($sdff) from module top (D = $procmux$757_Y, Q = \bit_count).
Adding SRST signal on $procdff$812 ($dff) from module top (D = $2$lookahead\shift_reg$398[39:0]$411, Q = \shift_reg, rval = 40'0000000000000000000000000000000000000000).
Adding EN signal on $auto$ff.cc:266:slice$861 ($sdff) from module top (D = $or$top.v:0$440_Y, Q = \shift_reg).
Adding SRST signal on $procdff$811 ($dff) from module top (D = $procmux$770_Y, Q = \valid, rval = 1'0).
Adding EN signal on $auto$ff.cc:266:slice$867 ($sdff) from module top (D = $procmux$770_Y, Q = \valid).
Adding SRST signal on $flatten\frequencyDivider.$procdff$808 ($dff) from module top (D = $flatten\frequencyDivider.$add$./freqDiv.v:25$458_Y [3:0], Q = \frequencyDivider.count, rval = 4'0000).
Adding EN signal on $flatten\frequencyDivider.$procdff$807 ($dff) from module top (D = $flatten\frequencyDivider.$not$./freqDiv.v:23$457_Y, Q = \frequencyDivider.CLK_OUT).

2.13.7. Executing OPT_CLEAN pass (remove unused cells and wires).
Finding unused cells or wires in module \top..
Removed 19 unused cells and 19 unused wires.

2.13.8. Executing OPT_EXPR pass (perform const folding).
Optimizing module top.

2.13.9. Rerunning OPT passes. (Maybe there is more to do..)

2.13.10. Executing OPT_MUXTREE pass (detect dead branches in mux trees).
Running muxtree optimizer on module \top..
  Creating internal representation of mux trees.
  Evaluating internal representation of mux trees.
  Analyzing evaluation results.
Removed 0 multiplexer ports.

2.13.11. Executing OPT_REDUCE pass (consolidate $*mux and $reduce_* inputs).
  Optimizing cells in module \top.
Performed a total of 0 changes.

2.13.12. Executing OPT_MERGE pass (detect identical cells).
Finding identical cells in module `\top'.
Removed a total of 0 cells.

2.13.13. Executing OPT_DFF pass (perform DFF optimizations).

2.13.14. Executing OPT_CLEAN pass (remove unused cells and wires).
Finding unused cells or wires in module \top..

2.13.15. Executing OPT_EXPR pass (perform const folding).
Optimizing module top.

2.13.16. Finished OPT passes. (There is nothing left to do.)

2.14. Executing WREDUCE pass (reducing word size of cells).
Removed top 31 bits (of 32) from port B of cell top.$flatten\frequencyDivider.$add$./freqDiv.v:25$458 ($add).
Removed top 28 bits (of 32) from port Y of cell top.$flatten\frequencyDivider.$add$./freqDiv.v:25$458 ($add).
Removed top 2 bits (of 3) from mux cell top.$ternary$top.v:120$388 ($mux).
Removed top 1 bits (of 3) from mux cell top.$ternary$top.v:123$390 ($mux).
Removed top 2 bits (of 3) from mux cell top.$ternary$top.v:126$392 ($mux).
Removed top 2 bits (of 3) from mux cell top.$ternary$top.v:132$396 ($mux).
Removed top 31 bits (of 32) from port B of cell top.$add$top.v:157$412 ($add).
Removed top 17 bits (of 32) from port Y of cell top.$add$top.v:157$412 ($add).
Removed top 31 bits (of 32) from port B of cell top.$add$top.v:161$413 ($add).
Removed top 17 bits (of 32) from port Y of cell top.$add$top.v:161$413 ($add).
Removed top 31 bits (of 32) from port B of cell top.$add$top.v:165$414 ($add).
Removed top 27 bits (of 32) from port Y of cell top.$add$top.v:165$414 ($add).
Removed top 31 bits (of 32) from port B of cell top.$add$top.v:168$415 ($add).
Removed top 24 bits (of 32) from port Y of cell top.$add$top.v:168$415 ($add).
Removed top 31 bits (of 32) from port B of cell top.$add$top.v:174$421 ($add).
Removed top 25 bits (of 32) from port Y of cell top.$add$top.v:174$421 ($add).
Removed top 2 bits (of 7) from port B of cell top.$eq$top.v:176$423 ($eq).
Removed top 25 bits (of 32) from port A of cell top.$neg$top.v:0$430 ($neg).
Converting cell top.$neg$top.v:0$430 ($neg) from signed to unsigned.
Removed top 1 bits (of 7) from port A of cell top.$neg$top.v:0$430 ($neg).
Removed top 31 bits (of 32) from port B of cell top.$add$top.v:178$441 ($add).
Removed top 26 bits (of 32) from port Y of cell top.$add$top.v:178$441 ($add).
Removed top 1 bits (of 3) from port B of cell top.$eq$top.v:197$449 ($eq).
Removed top 2 bits (of 3) from port B of cell top.$eq$top.v:197$450 ($eq).
Removed top 1 bits (of 3) from port B of cell top.$procmux$654_CMP0 ($eq).
Removed top 2 bits (of 3) from port B of cell top.$procmux$655_CMP0 ($eq).
Removed top 1 bits (of 3) from port B of cell top.$procmux$711_CMP0 ($eq).
Removed top 1 bits (of 3) from port B of cell top.$procmux$780_CMP0 ($eq).
Removed top 17 bits (of 32) from wire top.$add$top.v:157$412_Y.
Removed top 17 bits (of 32) from wire top.$add$top.v:161$413_Y.
Removed top 27 bits (of 32) from wire top.$add$top.v:165$414_Y.
Removed top 24 bits (of 32) from wire top.$add$top.v:168$415_Y.
Removed top 25 bits (of 32) from wire top.$add$top.v:174$421_Y.
Removed top 26 bits (of 32) from wire top.$add$top.v:178$441_Y.
Removed top 39 bits (of 40) from wire top.$and$top.v:0$434_Y.
Removed top 28 bits (of 32) from wire top.$flatten\frequencyDivider.$add$./freqDiv.v:25$458_Y.
Removed top 34 bits (of 40) from wire top.$not$top.v:0$438_Y.

2.15. Executing PEEPOPT pass (run peephole optimizers).

2.16. Executing OPT_CLEAN pass (remove unused cells and wires).
Finding unused cells or wires in module \top..
Removed 0 unused cells and 9 unused wires.

2.17. Executing SHARE pass (SAT-based resource sharing).

2.18. Executing TECHMAP pass (map to technology primitives).

2.18.1. Executing Verilog-2005 frontend: /home/brandon/miniconda3/envs/digital/bin/../share/yosys/cmp2lut.v
Parsing Verilog input from `/home/brandon/miniconda3/envs/digital/bin/../share/yosys/cmp2lut.v' to AST representation.
Generating RTLIL representation for module `\_90_lut_cmp_'.
Successfully finished Verilog frontend.

2.18.2. Continuing TECHMAP pass.
No more expansions possible.

2.19. Executing OPT_EXPR pass (perform const folding).
Optimizing module top.

2.20. Executing OPT_CLEAN pass (remove unused cells and wires).
Finding unused cells or wires in module \top..

2.21. Executing ALUMACC pass (create $alu and $macc cells).
Extracting $alu and $macc cells in module top:
  creating $macc model for $add$top.v:157$412 ($add).
  creating $macc model for $add$top.v:161$413 ($add).
  creating $macc model for $add$top.v:165$414 ($add).
  creating $macc model for $add$top.v:168$415 ($add).
  creating $macc model for $add$top.v:174$421 ($add).
  creating $macc model for $add$top.v:178$441 ($add).
  creating $macc model for $add$top.v:191$445 ($add).
  creating $macc model for $add$top.v:191$446 ($add).
  creating $macc model for $add$top.v:191$447 ($add).
  creating $macc model for $flatten\frequencyDivider.$add$./freqDiv.v:25$458 ($add).
  creating $macc model for $neg$top.v:0$430 ($neg).
  merging $macc model for $add$top.v:191$446 into $add$top.v:191$447.
  merging $macc model for $add$top.v:191$445 into $add$top.v:191$447.
  creating $alu model for $macc $flatten\frequencyDivider.$add$./freqDiv.v:25$458.
  creating $alu model for $macc $neg$top.v:0$430.
  creating $alu model for $macc $add$top.v:178$441.
  creating $alu model for $macc $add$top.v:174$421.
  creating $alu model for $macc $add$top.v:168$415.
  creating $alu model for $macc $add$top.v:165$414.
  creating $alu model for $macc $add$top.v:161$413.
  creating $alu model for $macc $add$top.v:157$412.
  creating $macc cell for $add$top.v:191$447: $auto$alumacc.cc:365:replace_macc$883
  creating $alu cell for $add$top.v:157$412: $auto$alumacc.cc:485:replace_alu$884
  creating $alu cell for $add$top.v:161$413: $auto$alumacc.cc:485:replace_alu$887
  creating $alu cell for $add$top.v:165$414: $auto$alumacc.cc:485:replace_alu$890
  creating $alu cell for $add$top.v:168$415: $auto$alumacc.cc:485:replace_alu$893
  creating $alu cell for $add$top.v:174$421: $auto$alumacc.cc:485:replace_alu$896
  creating $alu cell for $add$top.v:178$441: $auto$alumacc.cc:485:replace_alu$899
  creating $alu cell for $neg$top.v:0$430: $auto$alumacc.cc:485:replace_alu$902
  creating $alu cell for $flatten\frequencyDivider.$add$./freqDiv.v:25$458: $auto$alumacc.cc:485:replace_alu$905
  created 8 $alu and 1 $macc cells.

2.22. Executing OPT pass (performing simple optimizations).

2.22.1. Executing OPT_EXPR pass (perform const folding).
Optimizing module top.

2.22.2. Executing OPT_MERGE pass (detect identical cells).
Finding identical cells in module `\top'.
Removed a total of 0 cells.

2.22.3. Executing OPT_MUXTREE pass (detect dead branches in mux trees).
Running muxtree optimizer on module \top..
  Creating internal representation of mux trees.
  Evaluating internal representation of mux trees.
  Analyzing evaluation results.
Removed 0 multiplexer ports.

2.22.4. Executing OPT_REDUCE pass (consolidate $*mux and $reduce_* inputs).
  Optimizing cells in module \top.
Performed a total of 0 changes.

2.22.5. Executing OPT_MERGE pass (detect identical cells).
Finding identical cells in module `\top'.
Removed a total of 0 cells.

2.22.6. Executing OPT_DFF pass (perform DFF optimizations).

2.22.7. Executing OPT_CLEAN pass (remove unused cells and wires).
Finding unused cells or wires in module \top..
Removed 2 unused cells and 2 unused wires.

2.22.8. Executing OPT_EXPR pass (perform const folding).
Optimizing module top.

2.22.9. Rerunning OPT passes. (Maybe there is more to do..)

2.22.10. Executing OPT_MUXTREE pass (detect dead branches in mux trees).
Running muxtree optimizer on module \top..
  Creating internal representation of mux trees.
  Evaluating internal representation of mux trees.
  Analyzing evaluation results.
Removed 0 multiplexer ports.

2.22.11. Executing OPT_REDUCE pass (consolidate $*mux and $reduce_* inputs).
  Optimizing cells in module \top.
Performed a total of 0 changes.

2.22.12. Executing OPT_MERGE pass (detect identical cells).
Finding identical cells in module `\top'.
Removed a total of 0 cells.

2.22.13. Executing OPT_DFF pass (perform DFF optimizations).

2.22.14. Executing OPT_CLEAN pass (remove unused cells and wires).
Finding unused cells or wires in module \top..

2.22.15. Executing OPT_EXPR pass (perform const folding).
Optimizing module top.

2.22.16. Finished OPT passes. (There is nothing left to do.)

2.23. Executing MEMORY pass.

2.23.1. Executing OPT_MEM pass (optimize memories).
Performed a total of 0 transformations.

2.23.2. Executing OPT_MEM_PRIORITY pass (removing unnecessary memory write priority relations).
Performed a total of 0 transformations.

2.23.3. Executing OPT_MEM_FEEDBACK pass (finding memory read-to-write feedback paths).

2.23.4. Executing MEMORY_BMUX2ROM pass (converting muxes to ROMs).

2.23.5. Executing MEMORY_DFF pass (merging $dff cells to $memrd).

2.23.6. Executing OPT_CLEAN pass (remove unused cells and wires).
Finding unused cells or wires in module \top..

2.23.7. Executing MEMORY_SHARE pass (consolidating $memrd/$memwr cells).

2.23.8. Executing OPT_MEM_WIDEN pass (optimize memories where all ports are wide).
Performed a total of 0 transformations.

2.23.9. Executing OPT_CLEAN pass (remove unused cells and wires).
Finding unused cells or wires in module \top..

2.23.10. Executing MEMORY_COLLECT pass (generating $mem cells).

2.24. Executing OPT_CLEAN pass (remove unused cells and wires).
Finding unused cells or wires in module \top..

2.25. Executing MEMORY_LIBMAP pass (mapping memories to cells).

2.26. Executing TECHMAP pass (map to technology primitives).

2.26.1. Executing Verilog-2005 frontend: /home/brandon/miniconda3/envs/digital/bin/../share/yosys/ice40/brams_map.v
Parsing Verilog input from `/home/brandon/miniconda3/envs/digital/bin/../share/yosys/ice40/brams_map.v' to AST representation.
Generating RTLIL representation for module `\$__ICE40_RAM4K_'.
Successfully finished Verilog frontend.

2.26.2. Executing Verilog-2005 frontend: /home/brandon/miniconda3/envs/digital/bin/../share/yosys/ice40/spram_map.v
Parsing Verilog input from `/home/brandon/miniconda3/envs/digital/bin/../share/yosys/ice40/spram_map.v' to AST representation.
Generating RTLIL representation for module `\$__ICE40_SPRAM_'.
Successfully finished Verilog frontend.

2.26.3. Continuing TECHMAP pass.
No more expansions possible.

2.27. Executing ICE40_BRAMINIT pass.

2.28. Executing OPT pass (performing simple optimizations).

2.28.1. Executing OPT_EXPR pass (perform const folding).
Optimizing module top.

2.28.2. Executing OPT_MERGE pass (detect identical cells).
Finding identical cells in module `\top'.
Removed a total of 0 cells.

2.28.3. Executing OPT_DFF pass (perform DFF optimizations).

2.28.4. Executing OPT_CLEAN pass (remove unused cells and wires).
Finding unused cells or wires in module \top..
Removed 0 unused cells and 8 unused wires.

2.28.5. Finished fast OPT passes.

2.29. Executing MEMORY_MAP pass (converting memories to logic and flip-flops).

2.30. Executing OPT pass (performing simple optimizations).

2.30.1. Executing OPT_EXPR pass (perform const folding).
Optimizing module top.

2.30.2. Executing OPT_MERGE pass (detect identical cells).
Finding identical cells in module `\top'.
Removed a total of 0 cells.

2.30.3. Executing OPT_MUXTREE pass (detect dead branches in mux trees).
Running muxtree optimizer on module \top..
  Creating internal representation of mux trees.
  Evaluating internal representation of mux trees.
  Analyzing evaluation results.
Removed 0 multiplexer ports.

2.30.4. Executing OPT_REDUCE pass (consolidate $*mux and $reduce_* inputs).
  Optimizing cells in module \top.
    Consolidated identical input bits for $mux cell $ternary$top.v:129$394:
      Old ports: A=3'011, B=3'100, Y=$ternary$top.v:129$394_Y
      New ports: A=2'01, B=2'10, Y={ $ternary$top.v:129$394_Y [2] $ternary$top.v:129$394_Y [0] }
      New connections: $ternary$top.v:129$394_Y [1] = $ternary$top.v:129$394_Y [0]
    Consolidated identical input bits for $mux cell $ternary$top.v:135$397:
      Old ports: A=3'101, B=3'000, Y=$ternary$top.v:135$397_Y
      New ports: A=1'1, B=1'0, Y=$ternary$top.v:135$397_Y [0]
      New connections: $ternary$top.v:135$397_Y [2:1] = { $ternary$top.v:135$397_Y [0] 1'0 }
  Optimizing cells in module \top.
Performed a total of 2 changes.

2.30.5. Executing OPT_MERGE pass (detect identical cells).
Finding identical cells in module `\top'.
Removed a total of 0 cells.

2.30.6. Executing OPT_DFF pass (perform DFF optimizations).

2.30.7. Executing OPT_CLEAN pass (remove unused cells and wires).
Finding unused cells or wires in module \top..

2.30.8. Executing OPT_EXPR pass (perform const folding).
Optimizing module top.

2.30.9. Rerunning OPT passes. (Maybe there is more to do..)

2.30.10. Executing OPT_MUXTREE pass (detect dead branches in mux trees).
Running muxtree optimizer on module \top..
  Creating internal representation of mux trees.
  Evaluating internal representation of mux trees.
  Analyzing evaluation results.
Removed 0 multiplexer ports.

2.30.11. Executing OPT_REDUCE pass (consolidate $*mux and $reduce_* inputs).
  Optimizing cells in module \top.
Performed a total of 0 changes.

2.30.12. Executing OPT_MERGE pass (detect identical cells).
Finding identical cells in module `\top'.
Removed a total of 0 cells.

2.30.13. Executing OPT_DFF pass (perform DFF optimizations).

2.30.14. Executing OPT_CLEAN pass (remove unused cells and wires).
Finding unused cells or wires in module \top..

2.30.15. Executing OPT_EXPR pass (perform const folding).
Optimizing module top.

2.30.16. Finished OPT passes. (There is nothing left to do.)

2.31. Executing ICE40_WRAPCARRY pass (wrap carries).

2.32. Executing TECHMAP pass (map to technology primitives).

2.32.1. Executing Verilog-2005 frontend: /home/brandon/miniconda3/envs/digital/bin/../share/yosys/techmap.v
Parsing Verilog input from `/home/brandon/miniconda3/envs/digital/bin/../share/yosys/techmap.v' to AST representation.
Generating RTLIL representation for module `\_90_simplemap_bool_ops'.
Generating RTLIL representation for module `\_90_simplemap_reduce_ops'.
Generating RTLIL representation for module `\_90_simplemap_logic_ops'.
Generating RTLIL representation for module `\_90_simplemap_compare_ops'.
Generating RTLIL representation for module `\_90_simplemap_various'.
Generating RTLIL representation for module `\_90_simplemap_registers'.
Generating RTLIL representation for module `\_90_shift_ops_shr_shl_sshl_sshr'.
Generating RTLIL representation for module `\_90_shift_shiftx'.
Generating RTLIL representation for module `\_90_fa'.
Generating RTLIL representation for module `\_90_lcu'.
Generating RTLIL representation for module `\_90_alu'.
Generating RTLIL representation for module `\_90_macc'.
Generating RTLIL representation for module `\_90_alumacc'.
Generating RTLIL representation for module `\$__div_mod_u'.
Generating RTLIL representation for module `\$__div_mod_trunc'.
Generating RTLIL representation for module `\_90_div'.
Generating RTLIL representation for module `\_90_mod'.
Generating RTLIL representation for module `\$__div_mod_floor'.
Generating RTLIL representation for module `\_90_divfloor'.
Generating RTLIL representation for module `\_90_modfloor'.
Generating RTLIL representation for module `\_90_pow'.
Generating RTLIL representation for module `\_90_pmux'.
Generating RTLIL representation for module `\_90_demux'.
Generating RTLIL representation for module `\_90_lut'.
Successfully finished Verilog frontend.

2.32.2. Executing Verilog-2005 frontend: /home/brandon/miniconda3/envs/digital/bin/../share/yosys/ice40/arith_map.v
Parsing Verilog input from `/home/brandon/miniconda3/envs/digital/bin/../share/yosys/ice40/arith_map.v' to AST representation.
Generating RTLIL representation for module `\_80_ice40_alu'.
Successfully finished Verilog frontend.

2.32.3. Continuing TECHMAP pass.
Using extmapper simplemap for cells of type $dffe.
Using extmapper simplemap for cells of type $not.
Using extmapper simplemap for cells of type $eq.
Using extmapper simplemap for cells of type $tribuf.
Using extmapper simplemap for cells of type $mux.
Using template $paramod$3b7577489eb4433b1d5620cab7f3794743dee5ea\_80_ice40_alu for cells of type $alu.
Using template $paramod$672a140277c71df8314410f22acc08d55222c3c7\_80_ice40_alu for cells of type $alu.
Using template $paramod$c3cd1564c35d873179656addd6052d7ea8b6d991\_80_ice40_alu for cells of type $alu.
Using template $paramod$103b4016182df467cceab67bcf3e18e6361ec0fd\_80_ice40_alu for cells of type $alu.
Using template $paramod$32efbfac1c4dc57230cf86180788fdfd12e3b511\_80_ice40_alu for cells of type $alu.
Using extmapper simplemap for cells of type $logic_or.
Using template $paramod$32a7b7b86c07519b7537abc18e96f0331f97914d\_80_ice40_alu for cells of type $alu.
Using template $paramod$f37f2c8dfedbb1aba8957c1accfcc6910f4365b7\_80_ice40_alu for cells of type $alu.
Using template $paramod$constmap:e583917d24e2b0bbcc452c53224fa08b3ec0d287$paramod$03efae7bab6b5abf457c2e59865857949d68c051\_90_shift_shiftx for cells of type $shift.
Using extmapper simplemap for cells of type $sdff.
Analyzing pattern of constant bits for this cell:
Creating constmapped module `$paramod$constmap:0cf6bffb37eff7dd96a95c2054d5f2ebffd2e426$paramod$03efae7bab6b5abf457c2e59865857949d68c051\_90_shift_shiftx'.

2.32.23. Executing OPT_MUXTREE pass (detect dead branches in mux trees).
Running muxtree optimizer on module $paramod$constmap:0cf6bffb37eff7dd96a95c2054d5f2ebffd2e426$paramod$03efae7bab6b5abf457c2e59865857949d68c051\_90_shift_shiftx..
  Creating internal representation of mux trees.
  Evaluating internal representation of mux trees.
  Analyzing evaluation results.
    dead port 2/2 on $mux $procmux$1300.
    dead port 2/2 on $mux $procmux$1294.
    dead port 2/2 on $mux $procmux$1288.
    dead port 2/2 on $mux $procmux$1282.
    dead port 2/2 on $mux $procmux$1276.
    dead port 2/2 on $mux $procmux$1270.
    dead port 2/2 on $mux $procmux$1264.
Removed 7 multiplexer ports.

2.32.24. Executing OPT_EXPR pass (perform const folding).
Optimizing module $paramod$constmap:0cf6bffb37eff7dd96a95c2054d5f2ebffd2e426$paramod$03efae7bab6b5abf457c2e59865857949d68c051\_90_shift_shiftx.
Removed 0 unused cells and 12 unused wires.
Using template $paramod$constmap:0cf6bffb37eff7dd96a95c2054d5f2ebffd2e426$paramod$03efae7bab6b5abf457c2e59865857949d68c051\_90_shift_shiftx for cells of type $shift.
Using extmapper maccmap for cells of type $macc.
  add \shift_reg [7:0] (8 bits, unsigned)
  add \shift_reg [31:24] (8 bits, unsigned)
  add \shift_reg [23:16] (8 bits, unsigned)
  add \shift_reg [15:8] (8 bits, unsigned)
Using extmapper simplemap for cells of type $and.
Using extmapper simplemap for cells of type $or.
Using extmapper simplemap for cells of type $reduce_bool.
Using extmapper simplemap for cells of type $ne.
Using extmapper simplemap for cells of type $reduce_and.
Using extmapper simplemap for cells of type $logic_not.
Using template $paramod$57f63e8a3282e053be0430389b09fa050ac7dca0\_90_pmux for cells of type $pmux.
Using extmapper simplemap for cells of type $sdffe.
Using extmapper simplemap for cells of type $xor.
Using extmapper simplemap for cells of type $pos.
Using template $paramod\_90_fa\WIDTH=32'00000000000000000000000000001000 for cells of type $fa.
Using template $paramod$a1bc51c02ce12ac21eb18988e83292af48ed7d72\_80_ice40_alu for cells of type $alu.
Using extmapper simplemap for cells of type $reduce_or.
No more expansions possible.

2.33. Executing OPT pass (performing simple optimizations).

2.33.1. Executing OPT_EXPR pass (perform const folding).
Optimizing module top.

2.33.2. Executing OPT_MERGE pass (detect identical cells).
Finding identical cells in module `\top'.
Removed a total of 107 cells.

2.33.3. Executing OPT_DFF pass (perform DFF optimizations).

2.33.4. Executing OPT_CLEAN pass (remove unused cells and wires).
Finding unused cells or wires in module \top..
Removed 277 unused cells and 381 unused wires.

2.33.5. Finished fast OPT passes.

2.34. Executing ICE40_OPT pass (performing simple optimizations).

2.34.1. Running ICE40 specific optimizations.
Optimized $__ICE40_CARRY_WRAPPER cell back to logic (without SB_CARRY) top.$auto$alumacc.cc:485:replace_alu$884.slice[0].carry: CO=\timer_init [0]
Optimized $__ICE40_CARRY_WRAPPER cell back to logic (without SB_CARRY) top.$auto$alumacc.cc:485:replace_alu$887.slice[0].carry: CO=\timer_start_down [0]
Optimized $__ICE40_CARRY_WRAPPER cell back to logic (without SB_CARRY) top.$auto$alumacc.cc:485:replace_alu$890.slice[0].carry: CO=\timer_start_up [0]
Optimized $__ICE40_CARRY_WRAPPER cell back to logic (without SB_CARRY) top.$auto$alumacc.cc:485:replace_alu$893.slice[0].carry: CO=\timer_response [0]
Optimized $__ICE40_CARRY_WRAPPER cell back to logic (without SB_CARRY) top.$auto$alumacc.cc:485:replace_alu$896.slice[0].carry: CO=\timer_bits [0]
Optimized $__ICE40_CARRY_WRAPPER cell back to logic (without SB_CARRY) top.$auto$alumacc.cc:485:replace_alu$899.slice[0].carry: CO=\bit_count [0]
Optimized $__ICE40_CARRY_WRAPPER cell back to logic (without SB_CARRY) top.$auto$alumacc.cc:485:replace_alu$902.slice[0].carry: CO=$auto$alumacc.cc:485:replace_alu$899.X [0]
Optimized $__ICE40_CARRY_WRAPPER cell back to logic (without SB_CARRY) top.$auto$alumacc.cc:485:replace_alu$902.slice[10].carry: CO=$auto$alumacc.cc:485:replace_alu$902.C [10]
Optimized $__ICE40_CARRY_WRAPPER cell back to logic (without SB_CARRY) top.$auto$alumacc.cc:485:replace_alu$902.slice[11].carry: CO=$auto$alumacc.cc:485:replace_alu$902.C [11]
Optimized $__ICE40_CARRY_WRAPPER cell back to logic (without SB_CARRY) top.$auto$alumacc.cc:485:replace_alu$902.slice[12].carry: CO=$auto$alumacc.cc:485:replace_alu$902.C [12]
Optimized $__ICE40_CARRY_WRAPPER cell back to logic (without SB_CARRY) top.$auto$alumacc.cc:485:replace_alu$902.slice[13].carry: CO=$auto$alumacc.cc:485:replace_alu$902.C [13]
Optimized $__ICE40_CARRY_WRAPPER cell back to logic (without SB_CARRY) top.$auto$alumacc.cc:485:replace_alu$902.slice[14].carry: CO=$auto$alumacc.cc:485:replace_alu$902.C [14]
Optimized $__ICE40_CARRY_WRAPPER cell back to logic (without SB_CARRY) top.$auto$alumacc.cc:485:replace_alu$902.slice[15].carry: CO=$auto$alumacc.cc:485:replace_alu$902.C [15]
Optimized $__ICE40_CARRY_WRAPPER cell back to logic (without SB_CARRY) top.$auto$alumacc.cc:485:replace_alu$902.slice[16].carry: CO=$auto$alumacc.cc:485:replace_alu$902.C [16]
Optimized $__ICE40_CARRY_WRAPPER cell back to logic (without SB_CARRY) top.$auto$alumacc.cc:485:replace_alu$902.slice[17].carry: CO=$auto$alumacc.cc:485:replace_alu$902.C [17]
Optimized $__ICE40_CARRY_WRAPPER cell back to logic (without SB_CARRY) top.$auto$alumacc.cc:485:replace_alu$902.slice[18].carry: CO=$auto$alumacc.cc:485:replace_alu$902.C [18]
Optimized $__ICE40_CARRY_WRAPPER cell back to logic (without SB_CARRY) top.$auto$alumacc.cc:485:replace_alu$902.slice[19].carry: CO=$auto$alumacc.cc:485:replace_alu$902.C [19]
Optimized $__ICE40_CARRY_WRAPPER cell back to logic (without SB_CARRY) top.$auto$alumacc.cc:485:replace_alu$902.slice[20].carry: CO=$auto$alumacc.cc:485:replace_alu$902.C [20]
Optimized $__ICE40_CARRY_WRAPPER cell back to logic (without SB_CARRY) top.$auto$alumacc.cc:485:replace_alu$902.slice[21].carry: CO=$auto$alumacc.cc:485:replace_alu$902.C [21]
Optimized $__ICE40_CARRY_WRAPPER cell back to logic (without SB_CARRY) top.$auto$alumacc.cc:485:replace_alu$902.slice[22].carry: CO=$auto$alumacc.cc:485:replace_alu$902.C [22]
Optimized $__ICE40_CARRY_WRAPPER cell back to logic (without SB_CARRY) top.$auto$alumacc.cc:485:replace_alu$902.slice[23].carry: CO=$auto$alumacc.cc:485:replace_alu$902.C [23]
Optimized $__ICE40_CARRY_WRAPPER cell back to logic (without SB_CARRY) top.$auto$alumacc.cc:485:replace_alu$902.slice[24].carry: CO=$auto$alumacc.cc:485:replace_alu$902.C [24]
Optimized $__ICE40_CARRY_WRAPPER cell back to logic (without SB_CARRY) top.$auto$alumacc.cc:485:replace_alu$902.slice[25].carry: CO=$auto$alumacc.cc:485:replace_alu$902.C [25]
Optimized $__ICE40_CARRY_WRAPPER cell back to logic (without SB_CARRY) top.$auto$alumacc.cc:485:replace_alu$902.slice[26].carry: CO=$auto$alumacc.cc:485:replace_alu$902.C [26]
Optimized $__ICE40_CARRY_WRAPPER cell back to logic (without SB_CARRY) top.$auto$alumacc.cc:485:replace_alu$902.slice[27].carry: CO=$auto$alumacc.cc:485:replace_alu$902.C [27]
Optimized $__ICE40_CARRY_WRAPPER cell back to logic (without SB_CARRY) top.$auto$alumacc.cc:485:replace_alu$902.slice[28].carry: CO=$auto$alumacc.cc:485:replace_alu$902.C [28]
Optimized $__ICE40_CARRY_WRAPPER cell back to logic (without SB_CARRY) top.$auto$alumacc.cc:485:replace_alu$902.slice[29].carry: CO=$auto$alumacc.cc:485:replace_alu$902.C [29]
Optimized $__ICE40_CARRY_WRAPPER cell back to logic (without SB_CARRY) top.$auto$alumacc.cc:485:replace_alu$902.slice[30].carry: CO=$auto$alumacc.cc:485:replace_alu$902.C [30]
Optimized $__ICE40_CARRY_WRAPPER cell back to logic (without SB_CARRY) top.$auto$alumacc.cc:485:replace_alu$902.slice[31].carry: CO=$auto$alumacc.cc:485:replace_alu$902.C [31]
Optimized $__ICE40_CARRY_WRAPPER cell back to logic (without SB_CARRY) top.$auto$alumacc.cc:485:replace_alu$902.slice[6].carry: CO=$auto$alumacc.cc:485:replace_alu$902.C [6]
Optimized $__ICE40_CARRY_WRAPPER cell back to logic (without SB_CARRY) top.$auto$alumacc.cc:485:replace_alu$902.slice[7].carry: CO=$auto$alumacc.cc:485:replace_alu$902.C [7]
Optimized $__ICE40_CARRY_WRAPPER cell back to logic (without SB_CARRY) top.$auto$alumacc.cc:485:replace_alu$902.slice[8].carry: CO=$auto$alumacc.cc:485:replace_alu$902.C [8]
Optimized $__ICE40_CARRY_WRAPPER cell back to logic (without SB_CARRY) top.$auto$alumacc.cc:485:replace_alu$902.slice[9].carry: CO=$auto$alumacc.cc:485:replace_alu$902.C [9]
Optimized $__ICE40_CARRY_WRAPPER cell back to logic (without SB_CARRY) top.$auto$alumacc.cc:485:replace_alu$905.slice[0].carry: CO=\frequencyDivider.count [0]
Optimized $__ICE40_CARRY_WRAPPER cell back to logic (without SB_CARRY) top.$auto$maccmap.cc:240:synth$1436.slice[0].carry: CO=1'0

2.34.2. Executing OPT_EXPR pass (perform const folding).
Optimizing module top.

2.34.3. Executing OPT_MERGE pass (detect identical cells).
Finding identical cells in module `\top'.
Removed a total of 48 cells.

2.34.4. Executing OPT_DFF pass (perform DFF optimizations).

2.34.5. Executing OPT_CLEAN pass (remove unused cells and wires).
Finding unused cells or wires in module \top..
Removed 0 unused cells and 24 unused wires.

2.34.6. Rerunning OPT passes. (Removed registers in this run.)

2.34.7. Running ICE40 specific optimizations.

2.34.8. Executing OPT_EXPR pass (perform const folding).
Optimizing module top.

2.34.9. Executing OPT_MERGE pass (detect identical cells).
Finding identical cells in module `\top'.
Removed a total of 0 cells.

2.34.10. Executing OPT_DFF pass (perform DFF optimizations).

2.34.11. Executing OPT_CLEAN pass (remove unused cells and wires).
Finding unused cells or wires in module \top..
Removed 0 unused cells and 26 unused wires.

2.34.12. Rerunning OPT passes. (Removed registers in this run.)

2.34.13. Running ICE40 specific optimizations.

2.34.14. Executing OPT_EXPR pass (perform const folding).
Optimizing module top.

2.34.15. Executing OPT_MERGE pass (detect identical cells).
Finding identical cells in module `\top'.
Removed a total of 0 cells.

2.34.16. Executing OPT_DFF pass (perform DFF optimizations).

2.34.17. Executing OPT_CLEAN pass (remove unused cells and wires).
Finding unused cells or wires in module \top..

2.34.18. Finished OPT passes. (There is nothing left to do.)

2.35. Executing DFFLEGALIZE pass (convert FFs to types supported by the target).

2.36. Executing TECHMAP pass (map to technology primitives).

2.36.1. Executing Verilog-2005 frontend: /home/brandon/miniconda3/envs/digital/bin/../share/yosys/ice40/ff_map.v
Parsing Verilog input from `/home/brandon/miniconda3/envs/digital/bin/../share/yosys/ice40/ff_map.v' to AST representation.
Generating RTLIL representation for module `\$_DFF_N_'.
Generating RTLIL representation for module `\$_DFF_P_'.
Generating RTLIL representation for module `\$_DFFE_NP_'.
Generating RTLIL representation for module `\$_DFFE_PP_'.
Generating RTLIL representation for module `\$_DFF_NP0_'.
Generating RTLIL representation for module `\$_DFF_NP1_'.
Generating RTLIL representation for module `\$_DFF_PP0_'.
Generating RTLIL representation for module `\$_DFF_PP1_'.
Generating RTLIL representation for module `\$_DFFE_NP0P_'.
Generating RTLIL representation for module `\$_DFFE_NP1P_'.
Generating RTLIL representation for module `\$_DFFE_PP0P_'.
Generating RTLIL representation for module `\$_DFFE_PP1P_'.
Generating RTLIL representation for module `\$_SDFF_NP0_'.
Generating RTLIL representation for module `\$_SDFF_NP1_'.
Generating RTLIL representation for module `\$_SDFF_PP0_'.
Generating RTLIL representation for module `\$_SDFF_PP1_'.
Generating RTLIL representation for module `\$_SDFFCE_NP0P_'.
Generating RTLIL representation for module `\$_SDFFCE_NP1P_'.
Generating RTLIL representation for module `\$_SDFFCE_PP0P_'.
Generating RTLIL representation for module `\$_SDFFCE_PP1P_'.
Successfully finished Verilog frontend.

2.36.2. Continuing TECHMAP pass.
Using template \$_DFFE_PP_ for cells of type $_DFFE_PP_.
Using template \$_SDFFCE_PP0P_ for cells of type $_SDFFCE_PP0P_.
Using template \$_SDFF_PP0_ for cells of type $_SDFF_PP0_.
No more expansions possible.

2.37. Executing OPT_EXPR pass (perform const folding).
Optimizing module top.

2.38. Executing SIMPLEMAP pass (map simple cells to gate primitives).
Mapping top.$auto$alumacc.cc:485:replace_alu$884.slice[0].carry ($lut).
Mapping top.$auto$alumacc.cc:485:replace_alu$887.slice[0].carry ($lut).
Mapping top.$auto$alumacc.cc:485:replace_alu$890.slice[0].carry ($lut).
Mapping top.$auto$alumacc.cc:485:replace_alu$893.slice[0].carry ($lut).
Mapping top.$auto$alumacc.cc:485:replace_alu$896.slice[0].carry ($lut).
Mapping top.$auto$alumacc.cc:485:replace_alu$899.slice[0].carry ($lut).
Mapping top.$auto$alumacc.cc:485:replace_alu$902.slice[0].carry ($lut).
Mapping top.$auto$alumacc.cc:485:replace_alu$902.slice[10].carry ($lut).
Mapping top.$auto$alumacc.cc:485:replace_alu$905.slice[0].carry ($lut).
Mapping top.$auto$maccmap.cc:240:synth$1436.slice[0].carry ($lut).

2.39. Executing ICE40_OPT pass (performing simple optimizations).

2.39.1. Running ICE40 specific optimizations.

2.39.2. Executing OPT_EXPR pass (perform const folding).
Optimizing module top.

2.39.3. Executing OPT_MERGE pass (detect identical cells).
Finding identical cells in module `\top'.
Removed a total of 136 cells.

2.39.4. Executing OPT_DFF pass (perform DFF optimizations).

2.39.5. Executing OPT_CLEAN pass (remove unused cells and wires).
Finding unused cells or wires in module \top..
Removed 1 unused cells and 802 unused wires.

2.39.6. Rerunning OPT passes. (Removed registers in this run.)

2.39.7. Running ICE40 specific optimizations.

2.39.8. Executing OPT_EXPR pass (perform const folding).
Optimizing module top.

2.39.9. Executing OPT_MERGE pass (detect identical cells).
Finding identical cells in module `\top'.
Removed a total of 0 cells.

2.39.10. Executing OPT_DFF pass (perform DFF optimizations).

2.39.11. Executing OPT_CLEAN pass (remove unused cells and wires).
Finding unused cells or wires in module \top..

2.39.12. Finished OPT passes. (There is nothing left to do.)

2.40. Executing TECHMAP pass (map to technology primitives).

2.40.1. Executing Verilog-2005 frontend: /home/brandon/miniconda3/envs/digital/bin/../share/yosys/ice40/latches_map.v
Parsing Verilog input from `/home/brandon/miniconda3/envs/digital/bin/../share/yosys/ice40/latches_map.v' to AST representation.
Generating RTLIL representation for module `\$_DLATCH_N_'.
Generating RTLIL representation for module `\$_DLATCH_P_'.
Successfully finished Verilog frontend.

2.40.2. Continuing TECHMAP pass.
No more expansions possible.

2.41. Executing ABC pass (technology mapping using ABC).

2.41.1. Extracting gate netlist of module `\top' to `<abc-temp-dir>/input.blif'..
Extracted 722 gates and 855 wires to a netlist network with 132 inputs and 96 outputs.

2.41.1.1. Executing ABC.
Running ABC command: "<yosys-exe-dir>/yosys-abc" -s -f <abc-temp-dir>/abc.script 2>&1
ABC: ABC command line: "source <abc-temp-dir>/abc.script".
ABC: 
ABC: + read_blif <abc-temp-dir>/input.blif 
ABC: + read_lut <abc-temp-dir>/lutdefs.txt 
ABC: + strash 
ABC: + &get -n 
ABC: + &fraig -x 
ABC: + &put 
ABC: + scorr 
ABC: Warning: The network is combinational (run "fraig" or "fraig_sweep").
ABC: + dc2 
ABC: + dretime 
ABC: + strash 
ABC: + dch -f 
ABC: + if 
ABC: + mfs2 
ABC: + lutpack -S 1 
ABC: + dress <abc-temp-dir>/input.blif 
ABC: Total number of equiv classes                =     178.
ABC: Participating nodes from both networks       =     377.
ABC: Participating nodes from the first network   =     177. (  85.51 % of nodes)
ABC: Participating nodes from the second network  =     200. (  96.62 % of nodes)
ABC: Node pairs (any polarity)                    =     177. (  85.51 % of names can be moved)
ABC: Node pairs (same polarity)                   =     166. (  80.19 % of names can be moved)
ABC: Total runtime =     0.05 sec
ABC: + write_blif <abc-temp-dir>/output.blif 

2.41.1.2. Re-integrating ABC results.
ABC RESULTS:              $lut cells:      206
ABC RESULTS:        internal signals:      627
ABC RESULTS:           input signals:      132
ABC RESULTS:          output signals:       96
Removing temp directory.

2.42. Executing ICE40_WRAPCARRY pass (wrap carries).

2.43. Executing TECHMAP pass (map to technology primitives).

2.43.1. Executing Verilog-2005 frontend: /home/brandon/miniconda3/envs/digital/bin/../share/yosys/ice40/ff_map.v
Parsing Verilog input from `/home/brandon/miniconda3/envs/digital/bin/../share/yosys/ice40/ff_map.v' to AST representation.
Generating RTLIL representation for module `\$_DFF_N_'.
Generating RTLIL representation for module `\$_DFF_P_'.
Generating RTLIL representation for module `\$_DFFE_NP_'.
Generating RTLIL representation for module `\$_DFFE_PP_'.
Generating RTLIL representation for module `\$_DFF_NP0_'.
Generating RTLIL representation for module `\$_DFF_NP1_'.
Generating RTLIL representation for module `\$_DFF_PP0_'.
Generating RTLIL representation for module `\$_DFF_PP1_'.
Generating RTLIL representation for module `\$_DFFE_NP0P_'.
Generating RTLIL representation for module `\$_DFFE_NP1P_'.
Generating RTLIL representation for module `\$_DFFE_PP0P_'.
Generating RTLIL representation for module `\$_DFFE_PP1P_'.
Generating RTLIL representation for module `\$_SDFF_NP0_'.
Generating RTLIL representation for module `\$_SDFF_NP1_'.
Generating RTLIL representation for module `\$_SDFF_PP0_'.
Generating RTLIL representation for module `\$_SDFF_PP1_'.
Generating RTLIL representation for module `\$_SDFFCE_NP0P_'.
Generating RTLIL representation for module `\$_SDFFCE_NP1P_'.
Generating RTLIL representation for module `\$_SDFFCE_PP0P_'.
Generating RTLIL representation for module `\$_SDFFCE_PP1P_'.
Successfully finished Verilog frontend.

2.43.2. Continuing TECHMAP pass.
No more expansions possible.
Removed 8 unused cells and 328 unused wires.

2.44. Executing OPT_LUT pass (optimize LUTs).
Discovering LUTs.
Number of LUTs:      271
  1-LUT               13
  2-LUT               45
  3-LUT              118
  4-LUT               95
  with \SB_CARRY    (#0)   57
  with \SB_CARRY    (#1)   57

Eliminating LUTs.
Number of LUTs:      271
  1-LUT               13
  2-LUT               45
  3-LUT              118
  4-LUT               95
  with \SB_CARRY    (#0)   57
  with \SB_CARRY    (#1)   57

Combining LUTs.
Number of LUTs:      263
  1-LUT               13
  2-LUT               36
  3-LUT              112
  4-LUT              102
  with \SB_CARRY    (#0)   57
  with \SB_CARRY    (#1)   57

Eliminated 0 LUTs.
Combined 8 LUTs.

2.45. Executing TECHMAP pass (map to technology primitives).

2.45.1. Executing Verilog-2005 frontend: /home/brandon/miniconda3/envs/digital/bin/../share/yosys/ice40/cells_map.v
Parsing Verilog input from `/home/brandon/miniconda3/envs/digital/bin/../share/yosys/ice40/cells_map.v' to AST representation.
Generating RTLIL representation for module `\$lut'.
Successfully finished Verilog frontend.

2.45.2. Continuing TECHMAP pass.
Using template $paramod\$lut\WIDTH=32'00000000000000000000000000000001\LUT=2'01 for cells of type $lut.
Using template $paramod\$lut\WIDTH=32'00000000000000000000000000000011\LUT=8'00010111 for cells of type $lut.
Using template $paramod\$lut\WIDTH=32'00000000000000000000000000000011\LUT=8'10010110 for cells of type $lut.
Using template $paramod\$lut\WIDTH=32'00000000000000000000000000000011\LUT=8'01101001 for cells of type $lut.
Using template $paramod\$lut\WIDTH=32'00000000000000000000000000000011\LUT=8'11010100 for cells of type $lut.
Using template $paramod$fd904e9e35cfd343a9df248824bd3f1408724879\$lut for cells of type $lut.
Using template $paramod$69f20e0703606f2ffd2ee27cd26f815bd5eeb6e9\$lut for cells of type $lut.
Using template $paramod$6e238df02989b317f10820a22773676e71120644\$lut for cells of type $lut.
Using template $paramod\$lut\WIDTH=32'00000000000000000000000000000011\LUT=8'01000000 for cells of type $lut.
Using template $paramod$53ce561f80f32d4298a3beadc88b6c5c78293221\$lut for cells of type $lut.
Using template $paramod$6b0849254d6c87461fb93e37cc18f089f61eb912\$lut for cells of type $lut.
Using template $paramod\$lut\WIDTH=32'00000000000000000000000000000011\LUT=8'10001111 for cells of type $lut.
Using template $paramod\$lut\WIDTH=32'00000000000000000000000000000011\LUT=8'01001111 for cells of type $lut.
Using template $paramod\$lut\WIDTH=32'00000000000000000000000000000011\LUT=8'01110000 for cells of type $lut.
Using template $paramod\$lut\WIDTH=32'00000000000000000000000000000011\LUT=8'00010000 for cells of type $lut.
Using template $paramod\$lut\WIDTH=32'00000000000000000000000000000011\LUT=8'10000000 for cells of type $lut.
Using template $paramod$658b9ed803f0d3d335616d3858b53e0a2522f1e8\$lut for cells of type $lut.
Using template $paramod$272652f6c6fbe9a75eff76e45cc7e2788835518b\$lut for cells of type $lut.
Using template $paramod$571404c0889eaf57f492cb5e37f8acb5df5852f9\$lut for cells of type $lut.
Using template $paramod$6d6beead1425af15cf78b27fd9b11b41b5d4bce8\$lut for cells of type $lut.
Using template $paramod$d53578aacfd93124244778d88be0e90eb09c1b1b\$lut for cells of type $lut.
Using template $paramod\$lut\WIDTH=32'00000000000000000000000000000010\LUT=4'0100 for cells of type $lut.
Using template $paramod\$lut\WIDTH=32'00000000000000000000000000000011\LUT=8'11110100 for cells of type $lut.
Using template $paramod\$lut\WIDTH=32'00000000000000000000000000000010\LUT=4'0001 for cells of type $lut.
Using template $paramod$fd1e68d43235621014e35437b4508a97628b7e8f\$lut for cells of type $lut.
Using template $paramod$cd05f04889088c47a0a5abae8c2d644fd314805e\$lut for cells of type $lut.
Using template $paramod\$lut\WIDTH=32'00000000000000000000000000000011\LUT=8'00010100 for cells of type $lut.
Using template $paramod$2d07c1a6c53c7b878509360922c4fa5ebedc3011\$lut for cells of type $lut.
Using template $paramod\$lut\WIDTH=32'00000000000000000000000000000010\LUT=4'1000 for cells of type $lut.
Using template $paramod$e7cf8575a194eb3a0b763de77523fb7297d31466\$lut for cells of type $lut.
Using template $paramod$aff3a645bb9f572421a4f0f49cf8987ceb4bcdc5\$lut for cells of type $lut.
Using template $paramod$2b9a3c94c7c8039de86b0db266c956ec6484a95e\$lut for cells of type $lut.
Using template $paramod$97f21fc6caedb01e3e413e66042b2fa0473d00e4\$lut for cells of type $lut.
Using template $paramod$9d707d218adbd63b6f9a0c79d7ee037306fb6296\$lut for cells of type $lut.
Using template $paramod\$lut\WIDTH=32'00000000000000000000000000000011\LUT=8'11001010 for cells of type $lut.
Using template $paramod$4282def8dbd6df3d1248ad282c629bee684502c2\$lut for cells of type $lut.
Using template $paramod$59c595af41d4a5cce2d588c3a5f1342749ce7a77\$lut for cells of type $lut.
Using template $paramod\$lut\WIDTH=32'00000000000000000000000000000010\LUT=4'0111 for cells of type $lut.
Using template $paramod\$lut\WIDTH=32'00000000000000000000000000000011\LUT=8'11101111 for cells of type $lut.
Using template $paramod\$lut\WIDTH=32'00000000000000000000000000000010\LUT=4'1011 for cells of type $lut.
Using template $paramod$8c24dc0cdd336b7fb88bbf7eed45cec5cbae862b\$lut for cells of type $lut.
Using template $paramod\$lut\WIDTH=32'00000000000000000000000000000011\LUT=8'11111110 for cells of type $lut.
Using template $paramod\$lut\WIDTH=32'00000000000000000000000000000010\LUT=4'1110 for cells of type $lut.
Using template $paramod\$lut\WIDTH=32'00000000000000000000000000000011\LUT=8'00001110 for cells of type $lut.
Using template $paramod$3204210736873ef5d53b95f3dbe4714b354f9351\$lut for cells of type $lut.
Using template $paramod\$lut\WIDTH=32'00000000000000000000000000000011\LUT=8'11111000 for cells of type $lut.
No more expansions possible.
Removed 0 unused cells and 568 unused wires.

2.46. Executing AUTONAME pass.
Renamed 5791 objects in module top (40 iterations).

2.47. Executing HIERARCHY pass (managing design hierarchy).

2.47.1. Analyzing design hierarchy..
Top module:  \top

2.47.2. Analyzing design hierarchy..
Top module:  \top
Removed 0 unused modules.

2.48. Printing statistics.

=== top ===

   Number of wires:                180
   Number of wire bits:            674
   Number of public wires:         180
   Number of public wire bits:     674
   Number of memories:               0
   Number of memory bits:            0
   Number of processes:              0
   Number of cells:                427
     $_TBUF_                         1
     SB_CARRY                       57
     SB_DFFE                         1
     SB_DFFESR                      98
     SB_DFFSR                        7
     SB_LUT4                       263

2.49. Executing CHECK pass (checking for obvious problems).
Checking module top...
Found and reported 0 problems.

2.50. Executing JSON backend.

Warnings: 7 unique messages, 7 total
End of script. Logfile hash: a00bd31e64, CPU: user 1.46s system 0.02s, MEM: 33.64 MB peak
Yosys 0.33+6 (git sha1 41b34a193, x86_64-conda-linux-gnu-cc 11.2.0 -fvisibility-inlines-hidden -fmessage-length=0 -march=nocona -mtune=haswell -ftree-vectorize -fPIC -fstack-protector-strong -fno-plt -O2 -ffunction-sections -fdebug-prefix-map=/root/conda-eda/conda-eda/workdir/conda-env/conda-bld/yosys_1694128612374/work=/usr/local/src/conda/yosys-0.33_7_g41b34a193 -fdebug-prefix-map=/home/brandon/miniconda3/envs/digital=/usr/local/src/conda-prefix -fPIC -Os -fno-merge-constants)
Time spent: 29% 13x read_verilog (0 sec), 21% 26x opt_expr (0 sec), ...
